#
# A fatal error has been detected by the Java Runtime Environment:
#
#  EXCEPTION_ACCESS_VIOLATION (0xc0000005) at pc=0x00007ffa061e12ad, pid=4936, tid=8588
#
# JRE version: OpenJDK Runtime Environment (11.0.10) (build 11.0.10+0-b96-7249189)
# Java VM: OpenJDK 64-Bit Server VM (11.0.10+0-b96-7249189, mixed mode, tiered, compressed oops, g1 gc, windows-amd64)
# Problematic frame:
# V  [jvm.dll+0x3512ad]
#
# No core dump will be written. Minidumps are not enabled by default on client versions of Windows
#
# If you would like to submit a bug report, please visit:
#   https://bugreport.java.com/bugreport/crash.jsp
#

---------------  S U M M A R Y ------------

Command Line: --add-opens=java.base/java.util=ALL-UNNAMED --add-opens=java.base/java.lang=ALL-UNNAMED --add-opens=java.base/java.lang.invoke=ALL-UNNAMED --add-opens=java.base/java.util=ALL-UNNAMED --add-opens=java.prefs/java.util.prefs=ALL-UNNAMED --add-opens=java.prefs/java.util.prefs=ALL-UNNAMED --add-opens=java.base/java.nio.charset=ALL-UNNAMED --add-opens=java.base/java.net=ALL-UNNAMED --add-opens=java.base/java.util.concurrent.atomic=ALL-UNNAMED -Xmx2048m -Dfile.encoding=UTF-8 -Duser.country=US -Duser.language=en -Duser.variant org.gradle.launcher.daemon.bootstrap.GradleDaemon 7.0.2

Host: Intel(R) Core(TM) i5-8265U CPU @ 1.60GHz, 8 cores, 7G,  Windows 10 , 64 bit Build 21996 (10.0.21996.1)
Time: Thu Sep 23 11:27:17 2021 SE Asia Standard Time elapsed time: 5864.143489 seconds (0d 1h 37m 44s)

---------------  T H R E A D  ---------------

Current thread (0x000001c06b087000):  JavaThread "C2 CompilerThread2" daemon [_thread_in_native, id=8588, stack(0x0000004b09800000,0x0000004b09900000)]


Current CompileTask:
C2:5864143 27331   !   4       sun.nio.fs.WindowsFileSystemProvider::checkAccess (294 bytes)

Stack: [0x0000004b09800000,0x0000004b09900000],  sp=0x0000004b098fbff0,  free space=1007k
Native frames: (J=compiled Java code, j=interpreted, Vv=VM code, C=native code)
V  [jvm.dll+0x3512ad]
V  [jvm.dll+0x198049]
V  [jvm.dll+0x1fb70e]
V  [jvm.dll+0x1fa7f4]
V  [jvm.dll+0x18354c]
V  [jvm.dll+0x208ee7]
V  [jvm.dll+0x207731]
V  [jvm.dll+0x6eb1cf]
V  [jvm.dll+0x6e3d45]
V  [jvm.dll+0x5ebe96]
C  [ucrtbase.dll+0x26c0c]
C  [KERNEL32.DLL+0x154e0]
C  [ntdll.dll+0x485b]


siginfo: EXCEPTION_ACCESS_VIOLATION (0xc0000005), reading address 0xffffffffffffffff


Register to memory mapping:

RIP=0x00007ffa061e12ad jvm.dll
RAX=0x000001c07279bf88 points into unknown readable memory: 0x00007ffa06887c38 | 38 7c 88 06 fa 7f 00 00
RBX=0x000001c06ffa60f0 points into unknown readable memory: 0x0000000000000002 | 02 00 00 00 00 00 00 00
RCX=0x0000000000000001 is an unknown value
RDX=0x0000000000000002 is an unknown value
RSP=0x0000004b098fbff0 is pointing into the stack for thread: 0x000001c06b087000
RBP=0x0000004b098fc130 is pointing into the stack for thread: 0x000001c06b087000
RSI=0x0000000000000d3e is an unknown value
RDI=0x0000000000000d3e is an unknown value
R8 =0x0000000040000000 is an unknown value
R9 =0x00047ffa06887c38 is an unknown value
R10=0x00007ffa05e90000 jvm.dll
R11=0x0000004b098fbf20 is pointing into the stack for thread: 0x000001c06b087000
R12=0x00007ffa05e90000 jvm.dll
R13=0x0000000000000008 is an unknown value
R14=0x000000000000001e is an unknown value
R15=0x00007ffa06887c38 jvm.dll


Registers:
RAX=0x000001c07279bf88, RBX=0x000001c06ffa60f0, RCX=0x0000000000000001, RDX=0x0000000000000002
RSP=0x0000004b098fbff0, RBP=0x0000004b098fc130, RSI=0x0000000000000d3e, RDI=0x0000000000000d3e
R8 =0x0000000040000000, R9 =0x00047ffa06887c38, R10=0x00007ffa05e90000, R11=0x0000004b098fbf20
R12=0x00007ffa05e90000, R13=0x0000000000000008, R14=0x000000000000001e, R15=0x00007ffa06887c38
RIP=0x00007ffa061e12ad, EFLAGS=0x0000000000010202

Top of Stack: (sp=0x0000004b098fbff0)
0x0000004b098fbff0:   000001c06fff35d0 0000004b098fc130
0x0000004b098fc000:   0000000000000d3e 00007ffa066bcb70
0x0000004b098fc010:   0000058500000000 000001c000000005
0x0000004b098fc020:   000001c0731f2b80 0000000000000006
0x0000004b098fc030:   000001c072a42bc0 000001c000000023
0x0000004b098fc040:   000001c06fff3710 0000004b098fc5b8
0x0000004b098fc050:   000001c06ca19310 0000000000000000
0x0000004b098fc060:   0000004b098fc170 00007ffa06028049
0x0000004b098fc070:   0000004b098fc4d0 0000004b098fc5b8
0x0000004b098fc080:   00000000000003d8 000001c06ca19320
0x0000004b098fc090:   000000000000e600 0000000000000000
0x0000004b098fc0a0:   0000004b00000006 000001c06ca19310
0x0000004b098fc0b0:   000001c0727a2cd0 000001c0727a4000
0x0000004b098fc0c0:   000001c0727aacb8 000000000087b300
0x0000004b098fc0d0:   0000000000000000 0000000000000000
0x0000004b098fc0e0:   000000000000e640 0000000000000000 

Instructions: (pc=0x00007ffa061e12ad)
0x00007ffa061e11ad:   20 5e c3 48 8b c4 55 57 48 83 ec 68 33 ff 48 8b
0x00007ffa061e11bd:   e9 39 79 28 0f 86 3e 01 00 00 48 89 58 08 48 89
0x00007ffa061e11cd:   70 10 4c 89 60 18 4c 8d 25 26 ee ca ff 4c 89 70
0x00007ffa061e11dd:   20 4c 89 78 e8 4c 8d 3d 4f 6a 6a 00 0f 1f 80 00
0x00007ffa061e11ed:   00 00 00 48 8d 14 bf 8b f7 48 c1 e2 05 48 8d 4c
0x00007ffa061e11fd:   24 20 48 03 55 10 e8 c8 6a 00 00 44 8b f7 41 83
0x00007ffa061e120d:   e6 1f 90 8b 44 24 20 85 c0 74 3e 44 8b 44 24 24
0x00007ffa061e121d:   a8 1f 75 0b c1 e8 05 41 83 c0 05 a8 1f 74 f5 8b
0x00007ffa061e122d:   d0 83 e2 1f 42 0f b6 8c 22 40 cd 82 00 d3 e8 89
0x00007ffa061e123d:   44 24 20 42 8d 04 01 89 44 24 24 42 0f b6 84 22
0x00007ffa061e124d:   20 cd 82 00 41 03 c0 eb 0a 48 8d 4c 24 20 e8 c0
0x00007ffa061e125d:   6a 00 00 85 c0 74 66 8b c0 48 8d 1c 80 48 c1 e3
0x00007ffa061e126d:   05 48 03 5d 10 85 ff 74 9a 48 8b 43 08 48 8b ce
0x00007ffa061e127d:   48 c1 e9 08 4c 8b 0c c8 4d 3b cf 75 0d 8b d7 48
0x00007ffa061e128d:   8b cb e8 8c 6c 00 00 4c 8b c8 41 8b ce 41 b8 01
0x00007ffa061e129d:   00 00 00 41 d3 e0 48 8b ce 48 c1 e9 05 83 e1 07
0x00007ffa061e12ad:   41 8b 14 89 8b c2 41 0b c0 41 89 04 89 41 85 d0
0x00007ffa061e12bd:   0f 85 4d ff ff ff ff 03 e9 46 ff ff ff ff c7 3b
0x00007ffa061e12cd:   7d 28 0f 82 1b ff ff ff 4c 8b 7c 24 60 4c 8b b4
0x00007ffa061e12dd:   24 98 00 00 00 4c 8b a4 24 90 00 00 00 48 8b b4
0x00007ffa061e12ed:   24 88 00 00 00 48 8b 9c 24 80 00 00 00 c6 45 18
0x00007ffa061e12fd:   01 48 83 c4 68 5f 5d c3 c6 41 18 01 48 83 c4 68
0x00007ffa061e130d:   5f 5d c3 48 89 5c 24 10 48 89 6c 24 18 56 41 54
0x00007ffa061e131d:   41 55 41 56 41 57 48 83 ec 60 8b ea 4c 8b f9 41
0x00007ffa061e132d:   8b c0 48 8d 34 ad 00 00 00 00 48 03 f5 48 8d 14
0x00007ffa061e133d:   80 48 c1 e2 05 48 03 51 10 48 c1 e6 05 48 03 71
0x00007ffa061e134d:   10 48 8d 4c 24 20 e8 78 69 00 00 44 8b e5 48 89
0x00007ffa061e135d:   bc 24 90 00 00 00 41 83 e4 1f 4c 8d 2d ca 68 6a
0x00007ffa061e136d:   00 4c 8d 0d 8b ec ca ff 8b 44 24 20 85 c0 74 48
0x00007ffa061e137d:   44 8b 44 24 24 a8 1f 75 15 66 66 0f 1f 84 00 00
0x00007ffa061e138d:   00 00 00 c1 e8 05 41 83 c0 05 a8 1f 74 f5 8b d0
0x00007ffa061e139d:   83 e2 1f 42 0f b6 8c 0a 40 cd 82 00 42 0f b6 9c 


Stack slot to memory mapping:
stack at sp + 0 slots: 0x000001c06fff35d0 points into unknown readable memory: 0x0000000000000001 | 01 00 00 00 00 00 00 00
stack at sp + 1 slots: 0x0000004b098fc130 is pointing into the stack for thread: 0x000001c06b087000
stack at sp + 2 slots: 0x0000000000000d3e is an unknown value
stack at sp + 3 slots: 0x00007ffa066bcb70 jvm.dll
stack at sp + 4 slots: 0x0000058500000000 is an unknown value
stack at sp + 5 slots: 0x000001c000000005 is an unknown value
stack at sp + 6 slots: 0x000001c0731f2b80 points into unknown readable memory: 0x0000000000000000 | 00 00 00 00 00 00 00 00
stack at sp + 7 slots: 0x0000000000000006 is an unknown value


---------------  P R O C E S S  ---------------

Threads class SMR info:
_java_thread_list=0x000001c0687111d0, length=77, elements={
0x000001c04a2bb800, 0x000001c064732000, 0x000001c064733000, 0x000001c0650b5000,
0x000001c0650b6800, 0x000001c0650b7800, 0x000001c0650bd000, 0x000001c0650c1800,
0x000001c064755000, 0x000001c065209000, 0x000001c0673ae000, 0x000001c0670bb000,
0x000001c067cbb000, 0x000001c0671ec000, 0x000001c0671f0800, 0x000001c0671f2800,
0x000001c0671ee800, 0x000001c0671ed800, 0x000001c06741f800, 0x000001c067424800,
0x000001c067421000, 0x000001c06741e800, 0x000001c067426000, 0x000001c06b07a800,
0x000001c06b07b800, 0x000001c06b07e000, 0x000001c06b07c800, 0x000001c06b07d000,
0x000001c06b07a000, 0x000001c06b083000, 0x000001c06742d800, 0x000001c0671ec800,
0x000001c0671f0000, 0x000001c067423000, 0x000001c070a4f800, 0x000001c070a51000,
0x000001c070a4c800, 0x000001c070a4d000, 0x000001c070a4e000, 0x000001c070a50800,
0x000001c070a4b800, 0x000001c070a52000, 0x000001c070a4f000, 0x000001c070a54800,
0x000001c070a57000, 0x000001c070a56000, 0x000001c070a53800, 0x000001c070a55800,
0x000001c070a57800, 0x000001c070a58800, 0x000001c070a53000, 0x000001c070a59800,
0x000001c070a5a000, 0x000001c06b07f800, 0x000001c06b081000, 0x000001c06b07f000,
0x000001c06b088800, 0x000001c06b087000, 0x000001c06b083800, 0x000001c06b085800,
0x000001c06b086000, 0x000001c06b087800, 0x000001c0680d9800, 0x000001c0680d7800,
0x000001c0680d5000, 0x000001c0680d8000, 0x000001c0680d9000, 0x000001c0680db800,
0x000001c0680d5800, 0x000001c0680d6800, 0x000001c067425800, 0x000001c067428800,
0x000001c067427000, 0x000001c067423800, 0x000001c06742b000, 0x000001c06742c800,
0x000001c0671ef000
}

Java Threads: ( => current thread )
  0x000001c04a2bb800 JavaThread "main" [_thread_blocked, id=4304, stack(0x0000004b05f00000,0x0000004b06000000)]
  0x000001c064732000 JavaThread "Reference Handler" daemon [_thread_blocked, id=9984, stack(0x0000004b06600000,0x0000004b06700000)]
  0x000001c064733000 JavaThread "Finalizer" daemon [_thread_blocked, id=8060, stack(0x0000004b06700000,0x0000004b06800000)]
  0x000001c0650b5000 JavaThread "Signal Dispatcher" daemon [_thread_blocked, id=14564, stack(0x0000004b06800000,0x0000004b06900000)]
  0x000001c0650b6800 JavaThread "Attach Listener" daemon [_thread_blocked, id=8368, stack(0x0000004b06900000,0x0000004b06a00000)]
  0x000001c0650b7800 JavaThread "Service Thread" daemon [_thread_blocked, id=4320, stack(0x0000004b06a00000,0x0000004b06b00000)]
  0x000001c0650bd000 JavaThread "C2 CompilerThread0" daemon [_thread_in_native, id=9260, stack(0x0000004b06b00000,0x0000004b06c00000)]
  0x000001c0650c1800 JavaThread "C1 CompilerThread0" daemon [_thread_in_native, id=9420, stack(0x0000004b06c00000,0x0000004b06d00000)]
  0x000001c064755000 JavaThread "Sweeper thread" daemon [_thread_blocked, id=10792, stack(0x0000004b06d00000,0x0000004b06e00000)]
  0x000001c065209000 JavaThread "Common-Cleaner" daemon [_thread_blocked, id=11732, stack(0x0000004b06e00000,0x0000004b06f00000)]
  0x000001c0673ae000 JavaThread "Daemon health stats" [_thread_blocked, id=3260, stack(0x0000004b07400000,0x0000004b07500000)]
  0x000001c0670bb000 JavaThread "Incoming local TCP Connector on port 63557" [_thread_in_native, id=15340, stack(0x0000004b07000000,0x0000004b07100000)]
  0x000001c067cbb000 JavaThread "Daemon periodic checks" [_thread_blocked, id=13972, stack(0x0000004b07100000,0x0000004b07200000)]
  0x000001c0671ec000 JavaThread "Cache worker for file hash cache (C:\Users\Nguyen Hoang Giang\.gradle\caches\7.0.2\fileHashes)" [_thread_blocked, id=1540, stack(0x0000004b08100000,0x0000004b08200000)]
  0x000001c0671f0800 JavaThread "File lock request listener" [_thread_in_native, id=2060, stack(0x0000004b08200000,0x0000004b08300000)]
  0x000001c0671f2800 JavaThread "Cache worker for journal cache (C:\Users\Nguyen Hoang Giang\.gradle\caches\journal-1)" [_thread_blocked, id=12804, stack(0x0000004b08400000,0x0000004b08500000)]
  0x000001c0671ee800 JavaThread "File watcher server" daemon [_thread_in_native, id=13536, stack(0x0000004b08700000,0x0000004b08800000)]
  0x000001c0671ed800 JavaThread "File watcher consumer" daemon [_thread_blocked, id=15036, stack(0x0000004b08800000,0x0000004b08900000)]
  0x000001c06741f800 JavaThread "Cache worker for execution history cache (C:\Users\Nguyen Hoang Giang\.gradle\caches\7.0.2\executionHistory)" [_thread_blocked, id=2392, stack(0x0000004b08c00000,0x0000004b08d00000)]
  0x000001c067424800 JavaThread "jar transforms" [_thread_blocked, id=11824, stack(0x0000004b08d00000,0x0000004b08e00000)]
  0x000001c067421000 JavaThread "jar transforms Thread 2" [_thread_blocked, id=14988, stack(0x0000004b08e00000,0x0000004b08f00000)]
  0x000001c06741e800 JavaThread "Cache worker for file content cache (C:\Users\Nguyen Hoang Giang\.gradle\caches\7.0.2\fileContent)" [_thread_blocked, id=7856, stack(0x0000004b08f00000,0x0000004b09000000)]
  0x000001c067426000 JavaThread "jar transforms Thread 3" [_thread_blocked, id=7128, stack(0x0000004b09200000,0x0000004b09300000)]
  0x000001c06b07a800 JavaThread "jar transforms Thread 4" [_thread_blocked, id=12444, stack(0x0000004b09c00000,0x0000004b09d00000)]
  0x000001c06b07b800 JavaThread "jar transforms Thread 5" [_thread_blocked, id=2476, stack(0x0000004b09d00000,0x0000004b09e00000)]
  0x000001c06b07e000 JavaThread "jar transforms Thread 6" [_thread_blocked, id=9696, stack(0x0000004b09e00000,0x0000004b09f00000)]
  0x000001c06b07c800 JavaThread "jar transforms Thread 7" [_thread_blocked, id=10644, stack(0x0000004b09f00000,0x0000004b0a000000)]
  0x000001c06b07d000 JavaThread "jar transforms Thread 8" [_thread_blocked, id=10988, stack(0x0000004b0a000000,0x0000004b0a100000)]
  0x000001c06b07a000 JavaThread "Memory manager" [_thread_blocked, id=6032, stack(0x0000004b0a100000,0x0000004b0a200000)]
  0x000001c06b083000 JavaThread "Cache worker for Java compile cache (C:\Users\Nguyen Hoang Giang\.gradle\caches\7.0.2\javaCompile)" [_thread_blocked, id=10696, stack(0x0000004b0ab00000,0x0000004b0ac00000)]
  0x000001c06742d800 JavaThread "ForkJoinPool.commonPool-worker-3" daemon [_thread_blocked, id=11040, stack(0x0000004b0b300000,0x0000004b0b400000)]
  0x000001c0671ec800 JavaThread "ForkJoinPool.commonPool-worker-7" daemon [_thread_blocked, id=2548, stack(0x0000004b0b500000,0x0000004b0b600000)]
  0x000001c0671f0000 JavaThread "ForkJoinPool.commonPool-worker-5" daemon [_thread_blocked, id=9092, stack(0x0000004b0b600000,0x0000004b0b700000)]
  0x000001c067423000 JavaThread "ForkJoinPool.commonPool-worker-11" daemon [_thread_blocked, id=4032, stack(0x0000004b0b800000,0x0000004b0b900000)]
  0x000001c070a4f800 JavaThread "ForkJoinPool.commonPool-worker-1" daemon [_thread_blocked, id=32, stack(0x0000004b0b700000,0x0000004b0b800000)]
  0x000001c070a51000 JavaThread "Daemon Thread 19" [_thread_blocked, id=12520, stack(0x0000004b05c00000,0x0000004b05d00000)]
  0x000001c070a4c800 JavaThread "Handler for socket connection from /127.0.0.1:63557 to /127.0.0.1:53352" [_thread_in_native, id=8524, stack(0x0000004b05d00000,0x0000004b05e00000)]
  0x000001c070a4d000 JavaThread "Cancel handler" [_thread_blocked, id=11480, stack(0x0000004b05e00000,0x0000004b05f00000)]
  0x000001c070a4e000 JavaThread "Daemon worker Thread 19" [_thread_blocked, id=2480, stack(0x0000004b07500000,0x0000004b07600000)]
  0x000001c070a50800 JavaThread "Asynchronous log dispatcher for DefaultDaemonConnection: socket connection from /127.0.0.1:63557 to /127.0.0.1:53352" [_thread_blocked, id=8876, stack(0x0000004b07600000,0x0000004b07700000)]
  0x000001c070a4b800 JavaThread "Stdin handler" [_thread_blocked, id=12488, stack(0x0000004b07700000,0x0000004b07800000)]
  0x000001c070a52000 JavaThread "Daemon client event forwarder" [_thread_blocked, id=3708, stack(0x0000004b07800000,0x0000004b07900000)]
  0x000001c070a4f000 JavaThread "Cache worker for file hash cache (D:\Android Studio\MusicApplication\.gradle\7.0.2\fileHashes)" [_thread_blocked, id=14480, stack(0x0000004b07900000,0x0000004b07a00000)]
  0x000001c070a54800 JavaThread "Cache worker for checksums cache (D:\Android Studio\MusicApplication\.gradle\checksums)" [_thread_blocked, id=10628, stack(0x0000004b07a00000,0x0000004b07b00000)]
  0x000001c070a57000 JavaThread "Cache worker for cache directory md-supplier (C:\Users\Nguyen Hoang Giang\.gradle\caches\7.0.2\md-supplier)" [_thread_blocked, id=14556, stack(0x0000004b07b00000,0x0000004b07c00000)]
  0x000001c070a56000 JavaThread "Cache worker for cache directory md-rule (C:\Users\Nguyen Hoang Giang\.gradle\caches\7.0.2\md-rule)" [_thread_blocked, id=14068, stack(0x0000004b08500000,0x0000004b08600000)]
  0x000001c070a53800 JavaThread "Cache worker for dependencies-accessors (D:\Android Studio\MusicApplication\.gradle\7.0.2\dependencies-accessors)" [_thread_blocked, id=7192, stack(0x0000004b08600000,0x0000004b08700000)]
  0x000001c070a55800 JavaThread "Cache worker for Build Output Cleanup Cache (D:\Android Studio\MusicApplication\.gradle\buildOutputCleanup)" [_thread_blocked, id=1000, stack(0x0000004b08900000,0x0000004b08a00000)]
  0x000001c070a57800 JavaThread "Build operations" [_thread_blocked, id=2876, stack(0x0000004b08a00000,0x0000004b08b00000)]
  0x000001c070a58800 JavaThread "Build operations Thread 2" [_thread_blocked, id=12716, stack(0x0000004b08b00000,0x0000004b08c00000)]
  0x000001c070a53000 JavaThread "Build operations Thread 3" [_thread_blocked, id=11240, stack(0x0000004b09000000,0x0000004b09100000)]
  0x000001c070a59800 JavaThread "Build operations Thread 4" [_thread_blocked, id=7728, stack(0x0000004b09100000,0x0000004b09200000)]
  0x000001c070a5a000 JavaThread "Build operations Thread 5" [_thread_blocked, id=4600, stack(0x0000004b09300000,0x0000004b09400000)]
  0x000001c06b07f800 JavaThread "Build operations Thread 6" [_thread_blocked, id=1808, stack(0x0000004b09400000,0x0000004b09500000)]
  0x000001c06b081000 JavaThread "Build operations Thread 7" [_thread_blocked, id=3604, stack(0x0000004b09500000,0x0000004b09600000)]
  0x000001c06b07f000 JavaThread "Build operations Thread 8" [_thread_blocked, id=14924, stack(0x0000004b09600000,0x0000004b09700000)]
  0x000001c06b088800 JavaThread "C2 CompilerThread1" daemon [_thread_in_native, id=14572, stack(0x0000004b09700000,0x0000004b09800000)]
=>0x000001c06b087000 JavaThread "C2 CompilerThread2" daemon [_thread_in_native, id=8588, stack(0x0000004b09800000,0x0000004b09900000)]
  0x000001c06b083800 JavaThread "build event listener" [_thread_blocked, id=15112, stack(0x0000004b09900000,0x0000004b09a00000)]
  0x000001c06b085800 JavaThread "Execution worker for ':'" [_thread_in_Java, id=7780, stack(0x0000004b09a00000,0x0000004b09b00000)]
  0x000001c06b086000 JavaThread "Execution worker for ':' Thread 2" [_thread_blocked, id=3340, stack(0x0000004b09b00000,0x0000004b09c00000)]
  0x000001c06b087800 JavaThread "Execution worker for ':' Thread 3" [_thread_blocked, id=6128, stack(0x0000004b0a200000,0x0000004b0a300000)]
  0x000001c0680d9800 JavaThread "Execution worker for ':' Thread 4" [_thread_blocked, id=9452, stack(0x0000004b0a300000,0x0000004b0a400000)]
  0x000001c0680d7800 JavaThread "Execution worker for ':' Thread 5" [_thread_blocked, id=14412, stack(0x0000004b0a400000,0x0000004b0a500000)]
  0x000001c0680d5000 JavaThread "Execution worker for ':' Thread 6" [_thread_blocked, id=13376, stack(0x0000004b0a500000,0x0000004b0a600000)]
  0x000001c0680d8000 JavaThread "Execution worker for ':' Thread 7" [_thread_blocked, id=10112, stack(0x0000004b0a600000,0x0000004b0a700000)]
  0x000001c0680d9000 JavaThread "Cache worker for execution history cache (D:\Android Studio\MusicApplication\.gradle\7.0.2\executionHistory)" [_thread_blocked, id=1264, stack(0x0000004b0a700000,0x0000004b0a800000)]
  0x000001c0680db800 JavaThread "Cache worker for Java compile cache (D:\Android Studio\MusicApplication\.gradle\7.0.2\javaCompile)" [_thread_blocked, id=6420, stack(0x0000004b0a800000,0x0000004b0a900000)]
  0x000001c0680d5800 JavaThread "WorkerExecutor Queue" [_thread_blocked, id=2800, stack(0x0000004b0a900000,0x0000004b0aa00000)]
  0x000001c0680d6800 JavaThread "WorkerExecutor Queue Thread 2" [_thread_blocked, id=8688, stack(0x0000004b0aa00000,0x0000004b0ab00000)]
  0x000001c067425800 JavaThread "WorkerExecutor Queue Thread 3" [_thread_blocked, id=4184, stack(0x0000004b0ac00000,0x0000004b0ad00000)]
  0x000001c067428800 JavaThread "WorkerExecutor Queue Thread 4" [_thread_blocked, id=15056, stack(0x0000004b0ad00000,0x0000004b0ae00000)]
  0x000001c067427000 JavaThread "WorkerExecutor Queue Thread 5" [_thread_blocked, id=5788, stack(0x0000004b0ae00000,0x0000004b0af00000)]
  0x000001c067423800 JavaThread "WorkerExecutor Queue Thread 6" [_thread_blocked, id=11000, stack(0x0000004b0af00000,0x0000004b0b000000)]
  0x000001c06742b000 JavaThread "WorkerExecutor Queue Thread 7" [_thread_blocked, id=14520, stack(0x0000004b0b000000,0x0000004b0b100000)]
  0x000001c06742c800 JavaThread "WorkerExecutor Queue Thread 8" [_thread_blocked, id=11540, stack(0x0000004b0b100000,0x0000004b0b200000)]
  0x000001c0671ef000 JavaThread "WorkerExecutor Queue Thread 9" [_thread_blocked, id=8116, stack(0x0000004b0b200000,0x0000004b0b300000)]

Other Threads:
  0x000001c064730800 VMThread "VM Thread" [stack: 0x0000004b06500000,0x0000004b06600000] [id=11496]
  0x000001c065244000 WatcherThread [stack: 0x0000004b06f00000,0x0000004b07000000] [id=10536]
  0x000001c04a2d4800 GCTaskThread "GC Thread#0" [stack: 0x0000004b06000000,0x0000004b06100000] [id=3928]
  0x000001c065b9b000 GCTaskThread "GC Thread#1" [stack: 0x0000004b07200000,0x0000004b07300000] [id=14100]
  0x000001c065c6e800 GCTaskThread "GC Thread#2" [stack: 0x0000004b07300000,0x0000004b07400000] [id=8664]
  0x000001c06621d000 GCTaskThread "GC Thread#3" [stack: 0x0000004b07c00000,0x0000004b07d00000] [id=108]
  0x000001c067184000 GCTaskThread "GC Thread#4" [stack: 0x0000004b07d00000,0x0000004b07e00000] [id=5844]
  0x000001c0677d6000 GCTaskThread "GC Thread#5" [stack: 0x0000004b07e00000,0x0000004b07f00000] [id=7624]
  0x000001c0677d6800 GCTaskThread "GC Thread#6" [stack: 0x0000004b07f00000,0x0000004b08000000] [id=7368]
  0x000001c066bde000 GCTaskThread "GC Thread#7" [stack: 0x0000004b08000000,0x0000004b08100000] [id=6008]
  0x000001c04a307000 ConcurrentGCThread "G1 Main Marker" [stack: 0x0000004b06100000,0x0000004b06200000] [id=11232]
  0x000001c04a308800 ConcurrentGCThread "G1 Conc#0" [stack: 0x0000004b06200000,0x0000004b06300000] [id=1232]
  0x000001c067724800 ConcurrentGCThread "G1 Conc#1" [stack: 0x0000004b08300000,0x0000004b08400000] [id=14144]
  0x000001c064580800 ConcurrentGCThread "G1 Refine#0" [stack: 0x0000004b06300000,0x0000004b06400000] [id=8512]
  0x000001c064581800 ConcurrentGCThread "G1 Young RemSet Sampling" [stack: 0x0000004b06400000,0x0000004b06500000] [id=13636]

Threads with active compile tasks:
C2 CompilerThread05864296 27375       4       com.sun.tools.javac.comp.Resolve::rawInstantiate (508 bytes)
C1 CompilerThread05864296 27483       2       com.android.build.gradle.tasks.MergeSourceSetFolders_Decorated::getOutputDir (44 bytes)
C2 CompilerThread15864296 27368       4       com.sun.tools.javac.comp.Lower::access (719 bytes)
C2 CompilerThread25864296 27331   !   4       sun.nio.fs.WindowsFileSystemProvider::checkAccess (294 bytes)

VM state:not at safepoint (normal execution)

VM Mutex/Monitor currently owned by a thread: None

Heap address: 0x0000000080000000, size: 2048 MB, Compressed Oops mode: 32-bit
Narrow klass base: 0x0000000000000000, Narrow klass shift: 3
Compressed class space size: 1073741824 Address: 0x0000000100000000

Heap:
 garbage-first heap   total 187392K, used 124851K [0x0000000080000000, 0x0000000100000000)
  region size 1024K, 32 young (32768K), 1 survivors (1024K)
 Metaspace       used 119951K, capacity 124450K, committed 124504K, reserved 1157120K
  class space    used 14903K, capacity 16555K, committed 16588K, reserved 1048576K
Heap Regions: E=young(eden), S=young(survivor), O=old, HS=humongous(starts), HC=humongous(continues), CS=collection set, F=free, A=archive, TAMS=top-at-mark-start (previous, next)
|   0|0x0000000080000000, 0x0000000080100000, 0x0000000080100000|100%| O|  |TAMS 0x0000000080100000, 0x0000000080000000| Untracked 
|   1|0x0000000080100000, 0x0000000080200000, 0x0000000080200000|100%| O|  |TAMS 0x0000000080200000, 0x0000000080100000| Untracked 
|   2|0x0000000080200000, 0x0000000080300000, 0x0000000080300000|100%| O|  |TAMS 0x0000000080300000, 0x0000000080200000| Untracked 
|   3|0x0000000080300000, 0x0000000080400000, 0x0000000080400000|100%|HS|  |TAMS 0x0000000080400000, 0x0000000080300000| Complete 
|   4|0x0000000080400000, 0x0000000080500000, 0x0000000080500000|100%|HC|  |TAMS 0x0000000080500000, 0x0000000080400000| Complete 
|   5|0x0000000080500000, 0x0000000080600000, 0x0000000080600000|100%|HC|  |TAMS 0x0000000080600000, 0x0000000080500000| Complete 
|   6|0x0000000080600000, 0x0000000080700000, 0x0000000080700000|100%| O|  |TAMS 0x0000000080700000, 0x0000000080600000| Untracked 
|   7|0x0000000080700000, 0x0000000080800000, 0x0000000080800000|100%| O|  |TAMS 0x0000000080800000, 0x0000000080700000| Untracked 
|   8|0x0000000080800000, 0x0000000080900000, 0x0000000080900000|100%| O|  |TAMS 0x0000000080900000, 0x0000000080800000| Untracked 
|   9|0x0000000080900000, 0x0000000080a00000, 0x0000000080a00000|100%| O|  |TAMS 0x0000000080a00000, 0x0000000080900000| Untracked 
|  10|0x0000000080a00000, 0x0000000080b00000, 0x0000000080b00000|100%| O|  |TAMS 0x0000000080b00000, 0x0000000080a00000| Untracked 
|  11|0x0000000080b00000, 0x0000000080c00000, 0x0000000080c00000|100%| O|  |TAMS 0x0000000080c00000, 0x0000000080b00000| Untracked 
|  12|0x0000000080c00000, 0x0000000080c00000, 0x0000000080d00000|  0%| F|  |TAMS 0x0000000080c00000, 0x0000000080c00000| Untracked 
|  13|0x0000000080d00000, 0x0000000080e00000, 0x0000000080e00000|100%| O|  |TAMS 0x0000000080e00000, 0x0000000080d00000| Untracked 
|  14|0x0000000080e00000, 0x0000000080f00000, 0x0000000080f00000|100%| O|  |TAMS 0x0000000080f00000, 0x0000000080e00000| Untracked 
|  15|0x0000000080f00000, 0x0000000081000000, 0x0000000081000000|100%| O|  |TAMS 0x0000000081000000, 0x0000000080f00000| Untracked 
|  16|0x0000000081000000, 0x0000000081100000, 0x0000000081100000|100%|HS|  |TAMS 0x0000000081100000, 0x0000000081000000| Complete 
|  17|0x0000000081100000, 0x0000000081200000, 0x0000000081200000|100%| O|  |TAMS 0x0000000081200000, 0x0000000081100000| Untracked 
|  18|0x0000000081200000, 0x0000000081300000, 0x0000000081300000|100%| O|  |TAMS 0x0000000081200000, 0x0000000081200000| Untracked 
|  19|0x0000000081300000, 0x0000000081400000, 0x0000000081400000|100%| O|  |TAMS 0x0000000081400000, 0x0000000081300000| Untracked 
|  20|0x0000000081400000, 0x0000000081500000, 0x0000000081500000|100%| O|  |TAMS 0x0000000081500000, 0x0000000081400000| Untracked 
|  21|0x0000000081500000, 0x0000000081600000, 0x0000000081600000|100%| O|  |TAMS 0x0000000081600000, 0x0000000081500000| Untracked 
|  22|0x0000000081600000, 0x0000000081700000, 0x0000000081700000|100%| O|  |TAMS 0x0000000081700000, 0x0000000081600000| Untracked 
|  23|0x0000000081700000, 0x0000000081800000, 0x0000000081800000|100%| O|  |TAMS 0x0000000081800000, 0x0000000081700000| Untracked 
|  24|0x0000000081800000, 0x0000000081900000, 0x0000000081900000|100%| O|  |TAMS 0x0000000081900000, 0x0000000081800000| Untracked 
|  25|0x0000000081900000, 0x0000000081a00000, 0x0000000081a00000|100%| O|  |TAMS 0x0000000081a00000, 0x0000000081900000| Untracked 
|  26|0x0000000081a00000, 0x0000000081b00000, 0x0000000081b00000|100%| O|  |TAMS 0x0000000081a00000, 0x0000000081a00000| Untracked 
|  27|0x0000000081b00000, 0x0000000081c00000, 0x0000000081c00000|100%|HS|  |TAMS 0x0000000081c00000, 0x0000000081b00000| Complete 
|  28|0x0000000081c00000, 0x0000000081d00000, 0x0000000081d00000|100%|HS|  |TAMS 0x0000000081d00000, 0x0000000081c00000| Complete 
|  29|0x0000000081d00000, 0x0000000081e00000, 0x0000000081e00000|100%|HC|  |TAMS 0x0000000081e00000, 0x0000000081d00000| Complete 
|  30|0x0000000081e00000, 0x0000000081e00000, 0x0000000081f00000|  0%| F|  |TAMS 0x0000000081e00000, 0x0000000081e00000| Untracked 
|  31|0x0000000081f00000, 0x0000000082000000, 0x0000000082000000|100%| O|  |TAMS 0x0000000082000000, 0x0000000081f00000| Untracked 
|  32|0x0000000082000000, 0x0000000082100000, 0x0000000082100000|100%| O|  |TAMS 0x0000000082100000, 0x0000000082000000| Untracked 
|  33|0x0000000082100000, 0x0000000082200000, 0x0000000082200000|100%| O|  |TAMS 0x0000000082200000, 0x0000000082100000| Untracked 
|  34|0x0000000082200000, 0x0000000082300000, 0x0000000082300000|100%| O|  |TAMS 0x0000000082300000, 0x0000000082200000| Untracked 
|  35|0x0000000082300000, 0x0000000082400000, 0x0000000082400000|100%| O|  |TAMS 0x0000000082400000, 0x0000000082300000| Untracked 
|  36|0x0000000082400000, 0x0000000082500000, 0x0000000082500000|100%| O|  |TAMS 0x0000000082500000, 0x0000000082400000| Untracked 
|  37|0x0000000082500000, 0x0000000082600000, 0x0000000082600000|100%| O|  |TAMS 0x0000000082600000, 0x0000000082500000| Untracked 
|  38|0x0000000082600000, 0x0000000082700000, 0x0000000082700000|100%| O|  |TAMS 0x0000000082700000, 0x0000000082600000| Untracked 
|  39|0x0000000082700000, 0x0000000082800000, 0x0000000082800000|100%| O|  |TAMS 0x0000000082800000, 0x0000000082700000| Untracked 
|  40|0x0000000082800000, 0x0000000082900000, 0x0000000082900000|100%| O|  |TAMS 0x0000000082800000, 0x0000000082800000| Untracked 
|  41|0x0000000082900000, 0x0000000082a00000, 0x0000000082a00000|100%| O|  |TAMS 0x0000000082a00000, 0x0000000082900000| Untracked 
|  42|0x0000000082a00000, 0x0000000082a00000, 0x0000000082b00000|  0%| F|  |TAMS 0x0000000082a00000, 0x0000000082a00000| Untracked 
|  43|0x0000000082b00000, 0x0000000082b00000, 0x0000000082c00000|  0%| F|  |TAMS 0x0000000082b00000, 0x0000000082b00000| Untracked 
|  44|0x0000000082c00000, 0x0000000082d00000, 0x0000000082d00000|100%| O|  |TAMS 0x0000000082d00000, 0x0000000082c00000| Untracked 
|  45|0x0000000082d00000, 0x0000000082e00000, 0x0000000082e00000|100%| O|  |TAMS 0x0000000082d00000, 0x0000000082d00000| Untracked 
|  46|0x0000000082e00000, 0x0000000082f00000, 0x0000000082f00000|100%| O|  |TAMS 0x0000000082f00000, 0x0000000082e00000| Untracked 
|  47|0x0000000082f00000, 0x0000000083000000, 0x0000000083000000|100%| O|  |TAMS 0x0000000083000000, 0x0000000082f00000| Untracked 
|  48|0x0000000083000000, 0x0000000083100000, 0x0000000083100000|100%| O|  |TAMS 0x0000000083000000, 0x0000000083000000| Untracked 
|  49|0x0000000083100000, 0x0000000083200000, 0x0000000083200000|100%| O|  |TAMS 0x0000000083200000, 0x0000000083100000| Untracked 
|  50|0x0000000083200000, 0x0000000083300000, 0x0000000083300000|100%| O|  |TAMS 0x0000000083300000, 0x0000000083200000| Untracked 
|  51|0x0000000083300000, 0x0000000083300000, 0x0000000083400000|  0%| F|  |TAMS 0x0000000083300000, 0x0000000083300000| Untracked 
|  52|0x0000000083400000, 0x0000000083500000, 0x0000000083500000|100%| O|  |TAMS 0x0000000083400000, 0x0000000083400000| Untracked 
|  53|0x0000000083500000, 0x0000000083500000, 0x0000000083600000|  0%| F|  |TAMS 0x0000000083500000, 0x0000000083500000| Untracked 
|  54|0x0000000083600000, 0x0000000083700000, 0x0000000083700000|100%| O|  |TAMS 0x0000000083700000, 0x0000000083600000| Untracked 
|  55|0x0000000083700000, 0x0000000083700000, 0x0000000083800000|  0%| F|  |TAMS 0x0000000083700000, 0x0000000083700000| Untracked 
|  56|0x0000000083800000, 0x0000000083900000, 0x0000000083900000|100%| O|  |TAMS 0x0000000083800000, 0x0000000083800000| Untracked 
|  57|0x0000000083900000, 0x0000000083900000, 0x0000000083a00000|  0%| F|  |TAMS 0x0000000083900000, 0x0000000083900000| Untracked 
|  58|0x0000000083a00000, 0x0000000083b00000, 0x0000000083b00000|100%| O|  |TAMS 0x0000000083b00000, 0x0000000083a00000| Untracked 
|  59|0x0000000083b00000, 0x0000000083c00000, 0x0000000083c00000|100%| O|  |TAMS 0x0000000083c00000, 0x0000000083b00000| Untracked 
|  60|0x0000000083c00000, 0x0000000083d00000, 0x0000000083d00000|100%| O|  |TAMS 0x0000000083d00000, 0x0000000083c00000| Untracked 
|  61|0x0000000083d00000, 0x0000000083e00000, 0x0000000083e00000|100%| O|  |TAMS 0x0000000083e00000, 0x0000000083d00000| Untracked 
|  62|0x0000000083e00000, 0x0000000083f00000, 0x0000000083f00000|100%| O|  |TAMS 0x0000000083f00000, 0x0000000083e00000| Untracked 
|  63|0x0000000083f00000, 0x0000000084000000, 0x0000000084000000|100%| O|  |TAMS 0x0000000084000000, 0x0000000083f00000| Untracked 
|  64|0x0000000084000000, 0x0000000084100000, 0x0000000084100000|100%| O|  |TAMS 0x0000000084000000, 0x0000000084000000| Untracked 
|  65|0x0000000084100000, 0x0000000084200000, 0x0000000084200000|100%| O|  |TAMS 0x0000000084200000, 0x0000000084100000| Untracked 
|  66|0x0000000084200000, 0x0000000084300000, 0x0000000084300000|100%| O|  |TAMS 0x0000000084300000, 0x0000000084200000| Untracked 
|  67|0x0000000084300000, 0x0000000084400000, 0x0000000084400000|100%| O|  |TAMS 0x0000000084400000, 0x0000000084300000| Untracked 
|  68|0x0000000084400000, 0x0000000084500000, 0x0000000084500000|100%| O|  |TAMS 0x0000000084500000, 0x0000000084400000| Untracked 
|  69|0x0000000084500000, 0x0000000084600000, 0x0000000084600000|100%| O|  |TAMS 0x0000000084600000, 0x0000000084500000| Untracked 
|  70|0x0000000084600000, 0x0000000084700000, 0x0000000084700000|100%| O|  |TAMS 0x0000000084700000, 0x0000000084600000| Untracked 
|  71|0x0000000084700000, 0x0000000084800000, 0x0000000084800000|100%| O|  |TAMS 0x0000000084800000, 0x0000000084700000| Untracked 
|  72|0x0000000084800000, 0x0000000084900000, 0x0000000084900000|100%| O|  |TAMS 0x0000000084900000, 0x0000000084800000| Untracked 
|  73|0x0000000084900000, 0x0000000084a00000, 0x0000000084a00000|100%| O|  |TAMS 0x0000000084a00000, 0x0000000084900000| Untracked 
|  74|0x0000000084a00000, 0x0000000084b00000, 0x0000000084b00000|100%| O|  |TAMS 0x0000000084b00000, 0x0000000084a00000| Untracked 
|  75|0x0000000084b00000, 0x0000000084c00000, 0x0000000084c00000|100%| O|  |TAMS 0x0000000084c00000, 0x0000000084b00000| Untracked 
|  76|0x0000000084c00000, 0x0000000084d00000, 0x0000000084d00000|100%| O|  |TAMS 0x0000000084d00000, 0x0000000084c00000| Untracked 
|  77|0x0000000084d00000, 0x0000000084e00000, 0x0000000084e00000|100%| O|  |TAMS 0x0000000084e00000, 0x0000000084d00000| Untracked 
|  78|0x0000000084e00000, 0x0000000084f00000, 0x0000000084f00000|100%| O|  |TAMS 0x0000000084f00000, 0x0000000084e00000| Untracked 
|  79|0x0000000084f00000, 0x0000000085000000, 0x0000000085000000|100%| O|  |TAMS 0x0000000085000000, 0x0000000084f00000| Untracked 
|  80|0x0000000085000000, 0x0000000085100000, 0x0000000085100000|100%| O|  |TAMS 0x0000000085100000, 0x0000000085000000| Untracked 
|  81|0x0000000085100000, 0x0000000085100000, 0x0000000085200000|  0%| F|  |TAMS 0x0000000085100000, 0x0000000085100000| Untracked 
|  82|0x0000000085200000, 0x0000000085300000, 0x0000000085300000|100%| O|  |TAMS 0x0000000085300000, 0x0000000085200000| Untracked 
|  83|0x0000000085300000, 0x0000000085300000, 0x0000000085400000|  0%| F|  |TAMS 0x0000000085300000, 0x0000000085300000| Untracked 
|  84|0x0000000085400000, 0x0000000085400000, 0x0000000085500000|  0%| F|  |TAMS 0x0000000085400000, 0x0000000085400000| Untracked 
|  85|0x0000000085500000, 0x0000000085500000, 0x0000000085600000|  0%| F|  |TAMS 0x0000000085500000, 0x0000000085500000| Untracked 
|  86|0x0000000085600000, 0x0000000085700000, 0x0000000085700000|100%| O|  |TAMS 0x0000000085700000, 0x0000000085600000| Untracked 
|  87|0x0000000085700000, 0x0000000085700000, 0x0000000085800000|  0%| F|  |TAMS 0x0000000085700000, 0x0000000085700000| Untracked 
|  88|0x0000000085800000, 0x0000000085900000, 0x0000000085900000|100%| O|  |TAMS 0x0000000085900000, 0x0000000085800000| Untracked 
|  89|0x0000000085900000, 0x0000000085a00000, 0x0000000085a00000|100%| O|  |TAMS 0x0000000085a00000, 0x0000000085900000| Untracked 
|  90|0x0000000085a00000, 0x0000000085a00000, 0x0000000085b00000|  0%| F|  |TAMS 0x0000000085a00000, 0x0000000085a00000| Untracked 
|  91|0x0000000085b00000, 0x0000000085c00000, 0x0000000085c00000|100%| O|  |TAMS 0x0000000085b2ba00, 0x0000000085b00000| Untracked 
|  92|0x0000000085c00000, 0x0000000085d00000, 0x0000000085d00000|100%| O|  |TAMS 0x0000000085d00000, 0x0000000085c00000| Untracked 
|  93|0x0000000085d00000, 0x0000000085e00000, 0x0000000085e00000|100%|HS|  |TAMS 0x0000000085d00000, 0x0000000085d00000| Complete 
|  94|0x0000000085e00000, 0x0000000085f00000, 0x0000000085f00000|100%|HC|  |TAMS 0x0000000085e00000, 0x0000000085e00000| Complete 
|  95|0x0000000085f00000, 0x0000000086000000, 0x0000000086000000|100%| O|  |TAMS 0x0000000085f00000, 0x0000000085f00000| Untracked 
|  96|0x0000000086000000, 0x0000000086100000, 0x0000000086100000|100%| O|  |TAMS 0x0000000086100000, 0x0000000086000000| Untracked 
|  97|0x0000000086100000, 0x0000000086200000, 0x0000000086200000|100%| O|  |TAMS 0x0000000086200000, 0x0000000086100000| Untracked 
|  98|0x0000000086200000, 0x0000000086300000, 0x0000000086300000|100%| O|  |TAMS 0x0000000086200000, 0x0000000086200000| Untracked 
|  99|0x0000000086300000, 0x0000000086400000, 0x0000000086400000|100%| O|  |TAMS 0x0000000086300000, 0x0000000086300000| Untracked 
| 100|0x0000000086400000, 0x0000000086400000, 0x0000000086500000|  0%| F|  |TAMS 0x0000000086400000, 0x0000000086400000| Untracked 
| 101|0x0000000086500000, 0x0000000086600000, 0x0000000086600000|100%| O|  |TAMS 0x0000000086500000, 0x0000000086500000| Untracked 
| 102|0x0000000086600000, 0x0000000086700000, 0x0000000086700000|100%| O|  |TAMS 0x0000000086600000, 0x0000000086600000| Untracked 
| 103|0x0000000086700000, 0x0000000086800000, 0x0000000086800000|100%| O|  |TAMS 0x0000000086700000, 0x0000000086700000| Untracked 
| 104|0x0000000086800000, 0x00000000868fae00, 0x0000000086900000| 97%| O|  |TAMS 0x0000000086800000, 0x0000000086800000| Untracked 
| 105|0x0000000086900000, 0x0000000086900000, 0x0000000086a00000|  0%| F|  |TAMS 0x0000000086900000, 0x0000000086900000| Untracked 
| 106|0x0000000086a00000, 0x0000000086a00000, 0x0000000086b00000|  0%| F|  |TAMS 0x0000000086a00000, 0x0000000086a00000| Untracked 
| 107|0x0000000086b00000, 0x0000000086b00000, 0x0000000086c00000|  0%| F|  |TAMS 0x0000000086b00000, 0x0000000086b00000| Untracked 
| 108|0x0000000086c00000, 0x0000000086c00000, 0x0000000086d00000|  0%| F|  |TAMS 0x0000000086c00000, 0x0000000086c00000| Untracked 
| 109|0x0000000086d00000, 0x0000000086d00000, 0x0000000086e00000|  0%| F|  |TAMS 0x0000000086d00000, 0x0000000086d00000| Untracked 
| 110|0x0000000086e00000, 0x0000000086e00000, 0x0000000086f00000|  0%| F|  |TAMS 0x0000000086e00000, 0x0000000086e00000| Untracked 
| 111|0x0000000086f00000, 0x0000000086f00000, 0x0000000087000000|  0%| F|  |TAMS 0x0000000086f00000, 0x0000000086f00000| Untracked 
| 112|0x0000000087000000, 0x0000000087000000, 0x0000000087100000|  0%| F|  |TAMS 0x0000000087000000, 0x0000000087000000| Untracked 
| 113|0x0000000087100000, 0x0000000087100000, 0x0000000087200000|  0%| F|  |TAMS 0x0000000087100000, 0x0000000087100000| Untracked 
| 114|0x0000000087200000, 0x0000000087200000, 0x0000000087300000|  0%| F|  |TAMS 0x0000000087200000, 0x0000000087200000| Untracked 
| 115|0x0000000087300000, 0x0000000087400000, 0x0000000087400000|100%| O|  |TAMS 0x0000000087400000, 0x0000000087300000| Untracked 
| 116|0x0000000087400000, 0x0000000087500000, 0x0000000087500000|100%| O|  |TAMS 0x0000000087500000, 0x0000000087400000| Untracked 
| 117|0x0000000087500000, 0x0000000087500000, 0x0000000087600000|  0%| F|  |TAMS 0x0000000087500000, 0x0000000087500000| Untracked 
| 118|0x0000000087600000, 0x0000000087600000, 0x0000000087700000|  0%| F|  |TAMS 0x0000000087600000, 0x0000000087600000| Untracked 
| 119|0x0000000087700000, 0x0000000087700000, 0x0000000087800000|  0%| F|  |TAMS 0x0000000087700000, 0x0000000087700000| Untracked 
| 120|0x0000000087800000, 0x0000000087800000, 0x0000000087900000|  0%| F|  |TAMS 0x0000000087800000, 0x0000000087800000| Untracked 
| 121|0x0000000087900000, 0x0000000087900000, 0x0000000087a00000|  0%| F|  |TAMS 0x0000000087900000, 0x0000000087900000| Untracked 
| 122|0x0000000087a00000, 0x0000000087a00000, 0x0000000087b00000|  0%| F|  |TAMS 0x0000000087a00000, 0x0000000087a00000| Untracked 
| 123|0x0000000087b00000, 0x0000000087b00000, 0x0000000087c00000|  0%| F|  |TAMS 0x0000000087b00000, 0x0000000087b00000| Untracked 
| 124|0x0000000087c00000, 0x0000000087c00000, 0x0000000087d00000|  0%| F|  |TAMS 0x0000000087c00000, 0x0000000087c00000| Untracked 
| 125|0x0000000087d00000, 0x0000000087d00000, 0x0000000087e00000|  0%| F|  |TAMS 0x0000000087d00000, 0x0000000087d00000| Untracked 
| 126|0x0000000087e00000, 0x0000000087e00000, 0x0000000087f00000|  0%| F|  |TAMS 0x0000000087e00000, 0x0000000087e00000| Untracked 
| 127|0x0000000087f00000, 0x0000000087f00000, 0x0000000088000000|  0%| F|  |TAMS 0x0000000087f00000, 0x0000000087f00000| Untracked 
| 128|0x0000000088000000, 0x0000000088000000, 0x0000000088100000|  0%| F|  |TAMS 0x0000000088000000, 0x0000000088000000| Untracked 
| 129|0x0000000088100000, 0x0000000088100000, 0x0000000088200000|  0%| F|  |TAMS 0x0000000088100000, 0x0000000088100000| Untracked 
| 130|0x0000000088200000, 0x0000000088200000, 0x0000000088300000|  0%| F|  |TAMS 0x0000000088200000, 0x0000000088200000| Untracked 
| 131|0x0000000088300000, 0x0000000088300000, 0x0000000088400000|  0%| F|  |TAMS 0x0000000088300000, 0x0000000088300000| Untracked 
| 132|0x0000000088400000, 0x0000000088400000, 0x0000000088500000|  0%| F|  |TAMS 0x0000000088400000, 0x0000000088400000| Untracked 
| 133|0x0000000088500000, 0x0000000088500000, 0x0000000088600000|  0%| F|  |TAMS 0x0000000088500000, 0x0000000088500000| Untracked 
| 134|0x0000000088600000, 0x0000000088600000, 0x0000000088700000|  0%| F|  |TAMS 0x0000000088600000, 0x0000000088600000| Untracked 
| 135|0x0000000088700000, 0x0000000088700000, 0x0000000088800000|  0%| F|  |TAMS 0x0000000088700000, 0x0000000088700000| Untracked 
| 136|0x0000000088800000, 0x0000000088800000, 0x0000000088900000|  0%| F|  |TAMS 0x0000000088800000, 0x0000000088800000| Untracked 
| 137|0x0000000088900000, 0x0000000088900000, 0x0000000088a00000|  0%| F|  |TAMS 0x0000000088900000, 0x0000000088900000| Untracked 
| 138|0x0000000088a00000, 0x0000000088a00000, 0x0000000088b00000|  0%| F|  |TAMS 0x0000000088a00000, 0x0000000088a00000| Untracked 
| 139|0x0000000088b00000, 0x0000000088b00000, 0x0000000088c00000|  0%| F|  |TAMS 0x0000000088b00000, 0x0000000088b00000| Untracked 
| 140|0x0000000088c00000, 0x0000000088c00000, 0x0000000088d00000|  0%| F|  |TAMS 0x0000000088c00000, 0x0000000088c00000| Untracked 
| 141|0x0000000088d00000, 0x0000000088d00000, 0x0000000088e00000|  0%| F|  |TAMS 0x0000000088d00000, 0x0000000088d00000| Untracked 
| 142|0x0000000088e00000, 0x0000000088e00000, 0x0000000088f00000|  0%| F|  |TAMS 0x0000000088e00000, 0x0000000088e00000| Untracked 
| 143|0x0000000088f00000, 0x0000000088f00000, 0x0000000089000000|  0%| F|  |TAMS 0x0000000088f00000, 0x0000000088f00000| Untracked 
| 144|0x0000000089000000, 0x0000000089000000, 0x0000000089100000|  0%| F|  |TAMS 0x0000000089000000, 0x0000000089000000| Untracked 
| 145|0x0000000089100000, 0x0000000089100000, 0x0000000089200000|  0%| F|  |TAMS 0x0000000089100000, 0x0000000089100000| Untracked 
| 146|0x0000000089200000, 0x0000000089200000, 0x0000000089300000|  0%| F|  |TAMS 0x0000000089200000, 0x0000000089200000| Untracked 
| 147|0x0000000089300000, 0x0000000089300000, 0x0000000089400000|  0%| F|  |TAMS 0x0000000089300000, 0x0000000089300000| Untracked 
| 148|0x0000000089400000, 0x0000000089400000, 0x0000000089500000|  0%| F|  |TAMS 0x0000000089400000, 0x0000000089400000| Untracked 
| 149|0x0000000089500000, 0x0000000089500000, 0x0000000089600000|  0%| F|  |TAMS 0x0000000089500000, 0x0000000089500000| Untracked 
| 150|0x0000000089600000, 0x0000000089600000, 0x0000000089700000|  0%| F|  |TAMS 0x0000000089600000, 0x0000000089600000| Untracked 
| 151|0x0000000089700000, 0x00000000897deff8, 0x0000000089800000| 87%| E|  |TAMS 0x0000000089700000, 0x0000000089700000| Complete 
| 152|0x0000000089800000, 0x0000000089900000, 0x0000000089900000|100%| E|CS|TAMS 0x0000000089800000, 0x0000000089800000| Complete 
| 153|0x0000000089900000, 0x0000000089a00000, 0x0000000089a00000|100%| E|  |TAMS 0x0000000089900000, 0x0000000089900000| Complete 
| 154|0x0000000089a00000, 0x0000000089b00000, 0x0000000089b00000|100%| E|CS|TAMS 0x0000000089a00000, 0x0000000089a00000| Complete 
| 155|0x0000000089b00000, 0x0000000089c00000, 0x0000000089c00000|100%| E|CS|TAMS 0x0000000089b00000, 0x0000000089b00000| Complete 
| 156|0x0000000089c00000, 0x0000000089d00000, 0x0000000089d00000|100%| E|CS|TAMS 0x0000000089c00000, 0x0000000089c00000| Complete 
| 157|0x0000000089d00000, 0x0000000089e00000, 0x0000000089e00000|100%| E|CS|TAMS 0x0000000089d00000, 0x0000000089d00000| Complete 
| 158|0x0000000089e00000, 0x0000000089f00000, 0x0000000089f00000|100%| E|CS|TAMS 0x0000000089e00000, 0x0000000089e00000| Complete 
| 159|0x0000000089f00000, 0x000000008a000000, 0x000000008a000000|100%| E|CS|TAMS 0x0000000089f00000, 0x0000000089f00000| Complete 
| 160|0x000000008a000000, 0x000000008a100000, 0x000000008a100000|100%| E|CS|TAMS 0x000000008a000000, 0x000000008a000000| Complete 
| 161|0x000000008a100000, 0x000000008a200000, 0x000000008a200000|100%| E|CS|TAMS 0x000000008a100000, 0x000000008a100000| Complete 
| 162|0x000000008a200000, 0x000000008a300000, 0x000000008a300000|100%| E|CS|TAMS 0x000000008a200000, 0x000000008a200000| Complete 
| 163|0x000000008a300000, 0x000000008a400000, 0x000000008a400000|100%| E|CS|TAMS 0x000000008a300000, 0x000000008a300000| Complete 
| 164|0x000000008a400000, 0x000000008a500000, 0x000000008a500000|100%| E|CS|TAMS 0x000000008a400000, 0x000000008a400000| Complete 
| 165|0x000000008a500000, 0x000000008a600000, 0x000000008a600000|100%| E|CS|TAMS 0x000000008a500000, 0x000000008a500000| Complete 
| 166|0x000000008a600000, 0x000000008a700000, 0x000000008a700000|100%| E|CS|TAMS 0x000000008a600000, 0x000000008a600000| Complete 
| 167|0x000000008a700000, 0x000000008a800000, 0x000000008a800000|100%| E|CS|TAMS 0x000000008a700000, 0x000000008a700000| Complete 
| 168|0x000000008a800000, 0x000000008a900000, 0x000000008a900000|100%| E|CS|TAMS 0x000000008a800000, 0x000000008a800000| Complete 
| 169|0x000000008a900000, 0x000000008aa00000, 0x000000008aa00000|100%| E|CS|TAMS 0x000000008a900000, 0x000000008a900000| Complete 
| 170|0x000000008aa00000, 0x000000008ab00000, 0x000000008ab00000|100%| E|CS|TAMS 0x000000008aa00000, 0x000000008aa00000| Complete 
| 171|0x000000008ab00000, 0x000000008ac00000, 0x000000008ac00000|100%| E|CS|TAMS 0x000000008ab00000, 0x000000008ab00000| Complete 
| 172|0x000000008ac00000, 0x000000008ad00000, 0x000000008ad00000|100%| E|CS|TAMS 0x000000008ac00000, 0x000000008ac00000| Complete 
| 173|0x000000008ad00000, 0x000000008ae00000, 0x000000008ae00000|100%| E|CS|TAMS 0x000000008ad00000, 0x000000008ad00000| Complete 
| 174|0x000000008ae00000, 0x000000008af00000, 0x000000008af00000|100%| E|CS|TAMS 0x000000008ae00000, 0x000000008ae00000| Complete 
| 175|0x000000008af00000, 0x000000008b000000, 0x000000008b000000|100%| E|CS|TAMS 0x000000008af00000, 0x000000008af00000| Complete 
| 176|0x000000008b000000, 0x000000008b100000, 0x000000008b100000|100%| E|CS|TAMS 0x000000008b000000, 0x000000008b000000| Complete 
| 177|0x000000008b100000, 0x000000008b200000, 0x000000008b200000|100%| E|CS|TAMS 0x000000008b100000, 0x000000008b100000| Complete 
| 178|0x000000008b200000, 0x000000008b300000, 0x000000008b300000|100%| E|CS|TAMS 0x000000008b200000, 0x000000008b200000| Complete 
| 179|0x000000008b300000, 0x000000008b400000, 0x000000008b400000|100%| E|CS|TAMS 0x000000008b300000, 0x000000008b300000| Complete 
| 180|0x000000008b400000, 0x000000008b4f1e00, 0x000000008b500000| 94%| S|CS|TAMS 0x000000008b400000, 0x000000008b400000| Complete 
| 181|0x000000008b500000, 0x000000008b600000, 0x000000008b600000|100%| E|CS|TAMS 0x000000008b500000, 0x000000008b500000| Complete 
| 182|0x000000008b600000, 0x000000008b700000, 0x000000008b700000|100%| E|CS|TAMS 0x000000008b600000, 0x000000008b600000| Complete 

Card table byte_map: [0x000001c05d4f0000,0x000001c05d8f0000] _byte_map_base: 0x000001c05d0f0000

Marking Bits (Prev, Next): (CMBitMap*) 0x000001c04a2fe640, (CMBitMap*) 0x000001c04a2fe608
 Prev Bits: [0x000001c05fcf0000, 0x000001c061cf0000)
 Next Bits: [0x000001c05dcf0000, 0x000001c05fcf0000)

Polling page: 0x000001c048160000

Metaspace:

Usage:
  Non-class:    105.37 MB capacity,   102.59 MB ( 97%) used,     2.28 MB (  2%) free+waste,   514.88 KB ( <1%) overhead. 
      Class:     16.17 MB capacity,    14.55 MB ( 90%) used,     1.39 MB (  9%) free+waste,   226.69 KB (  1%) overhead. 
       Both:    121.53 MB capacity,   117.14 MB ( 96%) used,     3.67 MB (  3%) free+waste,   741.56 KB ( <1%) overhead. 

Virtual space:
  Non-class space:      106.00 MB reserved,     105.39 MB (>99%) committed 
      Class space:        1.00 GB reserved,      16.20 MB (  2%) committed 
             Both:        1.10 GB reserved,     121.59 MB ( 11%) committed 

Chunk freelists:
   Non-Class:  21.00 KB
       Class:  17.00 KB
        Both:  38.00 KB

MaxMetaspaceSize: 17179869184.00 GB
CompressedClassSpaceSize: 1.00 GB

CodeHeap 'non-profiled nmethods': size=120000Kb used=19258Kb max_used=19258Kb free=100742Kb
 bounds [0x000001c055880000, 0x000001c056b60000, 0x000001c05cdb0000]
CodeHeap 'profiled nmethods': size=120000Kb used=56130Kb max_used=56130Kb free=63869Kb
 bounds [0x000001c04e350000, 0x000001c051a50000, 0x000001c055880000]
CodeHeap 'non-nmethods': size=5760Kb used=2334Kb max_used=2416Kb free=3425Kb
 bounds [0x000001c04ddb0000, 0x000001c04e020000, 0x000001c04e350000]
 total_blobs=25333 nmethods=24386 adapters=857
 compilation: enabled
              stopped_count=0, restarted_count=0
 full_count=0

Compilation events (20 events):
Event: 5864.102 Thread 0x000001c0650c1800 27377       3       com.sun.tools.javac.comp.Flow$AliveAnalyzer::<init> (10 bytes)
Event: 5864.103 Thread 0x000001c0650c1800 nmethod 27377 0x000001c0519fec90 code [0x000001c0519fee60, 0x000001c0519ff138]
Event: 5864.103 Thread 0x000001c0650c1800 27378   !   3       com.sun.tools.javac.comp.Flow$AliveAnalyzer::analyzeTree (72 bytes)
Event: 5864.103 Thread 0x000001c0650c1800 nmethod 27378 0x000001c0519ff290 code [0x000001c0519ff4c0, 0x000001c0519ffe28]
Event: 5864.113 Thread 0x000001c0650c1800 27380       3       com.sun.tools.javac.tree.JCTree$JCForLoop::accept (6 bytes)
Event: 5864.113 Thread 0x000001c0650c1800 nmethod 27380 0x000001c051a00210 code [0x000001c051a003c0, 0x000001c051a00588]
Event: 5864.114 Thread 0x000001c0650c1800 27381       3       com.sun.tools.javac.comp.Lower::freevarDefs (163 bytes)
Event: 5864.116 Thread 0x000001c0650c1800 nmethod 27381 0x000001c051a00690 code [0x000001c051a00a00, 0x000001c051a023f8]
Event: 5864.116 Thread 0x000001c0650c1800 27383       3       com.sun.tools.javac.comp.Lower::accessClass (121 bytes)
Event: 5864.117 Thread 0x000001c0650c1800 nmethod 27383 0x000001c051a02f90 code [0x000001c051a03200, 0x000001c051a03ce8]
Event: 5864.117 Thread 0x000001c0650c1800 27384       3       com.sun.tools.javac.code.Scope$CompoundScope::symbolAdded (20 bytes)
Event: 5864.118 Thread 0x000001c0650c1800 nmethod 27384 0x000001c051a04110 code [0x000001c051a042e0, 0x000001c051a04488]
Event: 5864.118 Thread 0x000001c0650c1800 27382       3       com.sun.tools.javac.comp.Lower::accessSymbol (524 bytes)
Event: 5864.122 Thread 0x000001c0650c1800 nmethod 27382 0x000001c051a04590 code [0x000001c051a04b20, 0x000001c051a07fb8]
Event: 5864.122 Thread 0x000001c0650c1800 27385       3       com.sun.tools.javac.file.Locations$OutputLocationHandler::getPaths (19 bytes)
Event: 5864.123 Thread 0x000001c0650c1800 nmethod 27385 0x000001c051a09310 code [0x000001c051a09500, 0x000001c051a098f8]
Event: 5864.123 Thread 0x000001c0650c1800 27386       3       com.sun.tools.javac.jvm.Gen::generateReferencesToPrunedTree (62 bytes)
Event: 5864.123 Thread 0x000001c0650c1800 nmethod 27386 0x000001c051a09a90 code [0x000001c051a09ce0, 0x000001c051a0a6f8]
Event: 5864.123 Thread 0x000001c0650c1800 27387       1       com.sun.tools.javac.code.Type::isUnion (2 bytes)
Event: 5864.124 Thread 0x000001c0650c1800 nmethod 27387 0x000001c056b4b090 code [0x000001c056b4b240, 0x000001c056b4b2f8]

GC Heap History (20 events):
Event: 5730.625 GC heap before
{Heap before GC invocations=137 (full 0):
 garbage-first heap   total 187392K, used 109119K [0x0000000080000000, 0x0000000100000000)
  region size 1024K, 9 young (9216K), 3 survivors (3072K)
 Metaspace       used 119682K, capacity 124245K, committed 124504K, reserved 1157120K
  class space    used 14903K, capacity 16555K, committed 16588K, reserved 1048576K
}
Event: 5730.661 GC heap after
{Heap after GC invocations=138 (full 0):
 garbage-first heap   total 187392K, used 95697K [0x0000000080000000, 0x0000000100000000)
  region size 1024K, 2 young (2048K), 2 survivors (2048K)
 Metaspace       used 119682K, capacity 124245K, committed 124504K, reserved 1157120K
  class space    used 14903K, capacity 16555K, committed 16588K, reserved 1048576K
}
Event: 5730.965 GC heap before
{Heap before GC invocations=138 (full 0):
 garbage-first heap   total 187392K, used 115153K [0x0000000080000000, 0x0000000100000000)
  region size 1024K, 23 young (23552K), 2 survivors (2048K)
 Metaspace       used 119698K, capacity 124255K, committed 124504K, reserved 1157120K
  class space    used 14903K, capacity 16557K, committed 16588K, reserved 1048576K
}
Event: 5730.985 GC heap after
{Heap after GC invocations=139 (full 0):
 garbage-first heap   total 187392K, used 98248K [0x0000000080000000, 0x0000000100000000)
  region size 1024K, 5 young (5120K), 5 survivors (5120K)
 Metaspace       used 119698K, capacity 124255K, committed 124504K, reserved 1157120K
  class space    used 14903K, capacity 16557K, committed 16588K, reserved 1048576K
}
Event: 5731.444 GC heap before
{Heap before GC invocations=140 (full 0):
 garbage-first heap   total 187392K, used 142280K [0x0000000080000000, 0x0000000100000000)
  region size 1024K, 47 young (48128K), 5 survivors (5120K)
 Metaspace       used 119697K, capacity 124249K, committed 124504K, reserved 1157120K
  class space    used 14903K, capacity 16555K, committed 16588K, reserved 1048576K
}
Event: 5731.458 GC heap after
{Heap after GC invocations=141 (full 0):
 garbage-first heap   total 187392K, used 110198K [0x0000000080000000, 0x0000000100000000)
  region size 1024K, 6 young (6144K), 6 survivors (6144K)
 Metaspace       used 119697K, capacity 124249K, committed 124504K, reserved 1157120K
  class space    used 14903K, capacity 16555K, committed 16588K, reserved 1048576K
}
Event: 5731.492 GC heap before
{Heap before GC invocations=141 (full 0):
 garbage-first heap   total 187392K, used 113270K [0x0000000080000000, 0x0000000100000000)
  region size 1024K, 9 young (9216K), 6 survivors (6144K)
 Metaspace       used 119701K, capacity 124249K, committed 124504K, reserved 1157120K
  class space    used 14903K, capacity 16555K, committed 16588K, reserved 1048576K
}
Event: 5731.510 GC heap after
{Heap after GC invocations=142 (full 0):
 garbage-first heap   total 187392K, used 95210K [0x0000000080000000, 0x0000000100000000)
  region size 1024K, 1 young (1024K), 1 survivors (1024K)
 Metaspace       used 119701K, capacity 124249K, committed 124504K, reserved 1157120K
  class space    used 14903K, capacity 16555K, committed 16588K, reserved 1048576K
}
Event: 5731.941 GC heap before
{Heap before GC invocations=142 (full 0):
 garbage-first heap   total 187392K, used 139242K [0x0000000080000000, 0x0000000100000000)
  region size 1024K, 44 young (45056K), 1 survivors (1024K)
 Metaspace       used 119807K, capacity 124381K, committed 124504K, reserved 1157120K
  class space    used 14903K, capacity 16555K, committed 16588K, reserved 1048576K
}
Event: 5731.949 GC heap after
{Heap after GC invocations=143 (full 0):
 garbage-first heap   total 187392K, used 96896K [0x0000000080000000, 0x0000000100000000)
  region size 1024K, 3 young (3072K), 3 survivors (3072K)
 Metaspace       used 119807K, capacity 124381K, committed 124504K, reserved 1157120K
  class space    used 14903K, capacity 16555K, committed 16588K, reserved 1048576K
}
Event: 5863.365 GC heap before
{Heap before GC invocations=144 (full 0):
 garbage-first heap   total 187392K, used 150144K [0x0000000080000000, 0x0000000100000000)
  region size 1024K, 48 young (49152K), 3 survivors (3072K)
 Metaspace       used 119858K, capacity 124446K, committed 124504K, reserved 1157120K
  class space    used 14903K, capacity 16555K, committed 16588K, reserved 1048576K
}
Event: 5863.376 GC heap after
{Heap after GC invocations=145 (full 0):
 garbage-first heap   total 187392K, used 101203K [0x0000000080000000, 0x0000000100000000)
  region size 1024K, 6 young (6144K), 6 survivors (6144K)
 Metaspace       used 119858K, capacity 124446K, committed 124504K, reserved 1157120K
  class space    used 14903K, capacity 16555K, committed 16588K, reserved 1048576K
}
Event: 5863.469 GC heap before
{Heap before GC invocations=145 (full 0):
 garbage-first heap   total 187392K, used 103251K [0x0000000080000000, 0x0000000100000000)
  region size 1024K, 9 young (9216K), 6 survivors (6144K)
 Metaspace       used 119878K, capacity 124447K, committed 124504K, reserved 1157120K
  class space    used 14903K, capacity 16555K, committed 16588K, reserved 1048576K
}
Event: 5863.495 GC heap after
{Heap after GC invocations=146 (full 0):
 garbage-first heap   total 187392K, used 96556K [0x0000000080000000, 0x0000000100000000)
  region size 1024K, 2 young (2048K), 2 survivors (2048K)
 Metaspace       used 119878K, capacity 124447K, committed 124504K, reserved 1157120K
  class space    used 14903K, capacity 16555K, committed 16588K, reserved 1048576K
}
Event: 5863.513 GC heap before
{Heap before GC invocations=146 (full 0):
 garbage-first heap   total 187392K, used 98604K [0x0000000080000000, 0x0000000100000000)
  region size 1024K, 5 young (5120K), 2 survivors (2048K)
 Metaspace       used 119888K, capacity 124453K, committed 124504K, reserved 1157120K
  class space    used 14903K, capacity 16557K, committed 16588K, reserved 1048576K
}
Event: 5863.526 GC heap after
{Heap after GC invocations=147 (full 0):
 garbage-first heap   total 187392K, used 96809K [0x0000000080000000, 0x0000000100000000)
  region size 1024K, 2 young (2048K), 2 survivors (2048K)
 Metaspace       used 119888K, capacity 124453K, committed 124504K, reserved 1157120K
  class space    used 14903K, capacity 16557K, committed 16588K, reserved 1048576K
}
Event: 5864.019 GC heap before
{Heap before GC invocations=148 (full 0):
 garbage-first heap   total 187392K, used 143913K [0x0000000080000000, 0x0000000100000000)
  region size 1024K, 49 young (50176K), 2 survivors (2048K)
 Metaspace       used 119897K, capacity 124447K, committed 124504K, reserved 1157120K
  class space    used 14903K, capacity 16555K, committed 16588K, reserved 1048576K
}
Event: 5864.032 GC heap after
{Heap after GC invocations=149 (full 0):
 garbage-first heap   total 187392K, used 106664K [0x0000000080000000, 0x0000000100000000)
  region size 1024K, 7 young (7168K), 7 survivors (7168K)
 Metaspace       used 119897K, capacity 124447K, committed 124504K, reserved 1157120K
  class space    used 14903K, capacity 16555K, committed 16588K, reserved 1048576K
}
Event: 5864.056 GC heap before
{Heap before GC invocations=149 (full 0):
 garbage-first heap   total 187392K, used 108712K [0x0000000080000000, 0x0000000100000000)
  region size 1024K, 9 young (9216K), 7 survivors (7168K)
 Metaspace       used 119901K, capacity 124447K, committed 124504K, reserved 1157120K
  class space    used 14903K, capacity 16555K, committed 16588K, reserved 1048576K
}
Event: 5864.071 GC heap after
{Heap after GC invocations=150 (full 0):
 garbage-first heap   total 187392K, used 95155K [0x0000000080000000, 0x0000000100000000)
  region size 1024K, 1 young (1024K), 1 survivors (1024K)
 Metaspace       used 119901K, capacity 124447K, committed 124504K, reserved 1157120K
  class space    used 14903K, capacity 16555K, committed 16588K, reserved 1048576K
}

Deoptimization events (20 events):
Event: 5731.711 Thread 0x000001c067423800 DEOPT PACKING pc=0x000001c056a98120 sp=0x0000004b0adfbf80
Event: 5731.711 Thread 0x000001c067423800 DEOPT UNPACKING pc=0x000001c04ddd78af sp=0x0000004b0adfbf90 mode 2
Event: 5731.726 Thread 0x000001c067423800 Uncommon trap: trap_request=0xffffffde fr.pc=0x000001c055e4ffc0 relative=0x0000000000002ea0
Event: 5731.726 Thread 0x000001c067423800 Uncommon trap: reason=class_check action=maybe_recompile pc=0x000001c055e4ffc0 method=com.android.tools.r8.internal.UC.b(Lcom/android/tools/r8/internal/Fg;)V @ 212 c2
Event: 5731.726 Thread 0x000001c067423800 DEOPT PACKING pc=0x000001c055e4ffc0 sp=0x0000004b0adfc270
Event: 5731.726 Thread 0x000001c067423800 DEOPT UNPACKING pc=0x000001c04ddd78af sp=0x0000004b0adfc268 mode 2
Event: 5731.740 Thread 0x000001c067423800 DEOPT PACKING pc=0x000001c0518cf3c6 sp=0x0000004b0adfd2f0
Event: 5731.740 Thread 0x000001c067423800 DEOPT UNPACKING pc=0x000001c04ddd76ce sp=0x0000004b0adfc768 mode 0
Event: 5731.993 Thread 0x000001c06742c800 DEOPT PACKING pc=0x000001c04ed20aed sp=0x0000004b0b0fd1b0
Event: 5731.993 Thread 0x000001c06742c800 DEOPT UNPACKING pc=0x000001c04ddd76ce sp=0x0000004b0b0fc628 mode 0
Event: 5863.086 Thread 0x000001c070a4e000 DEOPT PACKING pc=0x000001c04f600742 sp=0x0000004b075f9250
Event: 5863.086 Thread 0x000001c070a4e000 DEOPT UNPACKING pc=0x000001c04ddd76ce sp=0x0000004b075f8650 mode 0
Event: 5863.971 Thread 0x000001c0680d5000 Uncommon trap: trap_request=0xffffffde fr.pc=0x000001c05633c664 relative=0x00000000000049c4
Event: 5863.971 Thread 0x000001c0680d5000 Uncommon trap: reason=class_check action=maybe_recompile pc=0x000001c05633c664 method=com.sun.tools.javac.comp.Check.checkType(Lcom/sun/tools/javac/util/JCDiagnostic$DiagnosticPosition;Lcom/sun/tools/javac/code/Type;Lcom/sun/tools/javac/code/Type;Lcom/sun
Event: 5863.971 Thread 0x000001c0680d5000 DEOPT PACKING pc=0x000001c05633c664 sp=0x0000004b0a5f7fe0
Event: 5863.971 Thread 0x000001c0680d5000 DEOPT UNPACKING pc=0x000001c04ddd78af sp=0x0000004b0a5f7fc0 mode 2
Event: 5864.043 Thread 0x000001c0680d5000 DEOPT PACKING pc=0x000001c050273ea1 sp=0x0000004b0a5f96c0
Event: 5864.043 Thread 0x000001c0680d5000 DEOPT UNPACKING pc=0x000001c04ddd76ce sp=0x0000004b0a5f8c90 mode 0
Event: 5864.090 Thread 0x000001c0680d5000 DEOPT PACKING pc=0x000001c0506d77ea sp=0x0000004b0a5f9990
Event: 5864.090 Thread 0x000001c0680d5000 DEOPT UNPACKING pc=0x000001c04ddd76ce sp=0x0000004b0a5f8f88 mode 0

Classes redefined (0 events):
No events

Internal exceptions (20 events):
Event: 5864.010 Thread 0x000001c0680d5000 Exception <a 'sun/nio/fs/WindowsException'{0x000000008861bb50}> (0x000000008861bb50) thrown at [./src/hotspot/share/prims/jni.cpp, line 615]
Event: 5864.038 Thread 0x000001c0680d5000 Exception <a 'sun/nio/fs/WindowsException'{0x000000008b68d308}> (0x000000008b68d308) thrown at [./src/hotspot/share/prims/jni.cpp, line 615]
Event: 5864.038 Thread 0x000001c0680d5000 Exception <a 'sun/nio/fs/WindowsException'{0x000000008b68e528}> (0x000000008b68e528) thrown at [./src/hotspot/share/prims/jni.cpp, line 615]
Event: 5864.039 Thread 0x000001c0680d5000 Exception <a 'sun/nio/fs/WindowsException'{0x000000008b698c18}> (0x000000008b698c18) thrown at [./src/hotspot/share/prims/jni.cpp, line 615]
Event: 5864.042 Thread 0x000001c0680d5000 Exception <a 'sun/nio/fs/WindowsException'{0x000000008b6b57d0}> (0x000000008b6b57d0) thrown at [./src/hotspot/share/prims/jni.cpp, line 615]
Event: 5864.046 Thread 0x000001c0680d5000 Exception <a 'sun/nio/fs/WindowsException'{0x000000008b6d5a50}> (0x000000008b6d5a50) thrown at [./src/hotspot/share/prims/jni.cpp, line 615]
Event: 5864.077 Thread 0x000001c0680d5000 Exception <a 'sun/nio/fs/WindowsException'{0x000000008b5f75b8}> (0x000000008b5f75b8) thrown at [./src/hotspot/share/prims/jni.cpp, line 615]
Event: 5864.081 Thread 0x000001c0680d5000 Exception <a 'sun/nio/fs/WindowsException'{0x000000008b31ae88}> (0x000000008b31ae88) thrown at [./src/hotspot/share/prims/jni.cpp, line 615]
Event: 5864.089 Thread 0x000001c0680d5000 Exception <a 'sun/nio/fs/WindowsException'{0x000000008b2264d0}> (0x000000008b2264d0) thrown at [./src/hotspot/share/prims/jni.cpp, line 615]
Event: 5864.089 Thread 0x000001c0680d5000 Exception <a 'sun/nio/fs/WindowsException'{0x000000008b2276f0}> (0x000000008b2276f0) thrown at [./src/hotspot/share/prims/jni.cpp, line 615]
Event: 5864.091 Thread 0x000001c0680d5000 Exception <a 'sun/nio/fs/WindowsException'{0x000000008b24ef40}> (0x000000008b24ef40) thrown at [./src/hotspot/share/prims/jni.cpp, line 615]
Event: 5864.107 Thread 0x000001c0680d5000 Exception <a 'sun/nio/fs/WindowsException'{0x000000008af1d038}> (0x000000008af1d038) thrown at [./src/hotspot/share/prims/jni.cpp, line 615]
Event: 5864.114 Thread 0x000001c0680d5000 Exception <a 'sun/nio/fs/WindowsException'{0x000000008afac018}> (0x000000008afac018) thrown at [./src/hotspot/share/prims/jni.cpp, line 615]
Event: 5864.116 Thread 0x000001c0680d5000 Exception <a 'sun/nio/fs/WindowsException'{0x000000008afb1bf0}> (0x000000008afb1bf0) thrown at [./src/hotspot/share/prims/jni.cpp, line 615]
Event: 5864.118 Thread 0x000001c0680d5000 Exception <a 'sun/nio/fs/WindowsException'{0x000000008afb6dc0}> (0x000000008afb6dc0) thrown at [./src/hotspot/share/prims/jni.cpp, line 615]
Event: 5864.120 Thread 0x000001c0680d5000 Exception <a 'sun/nio/fs/WindowsException'{0x000000008afbb8a8}> (0x000000008afbb8a8) thrown at [./src/hotspot/share/prims/jni.cpp, line 615]
Event: 5864.121 Thread 0x000001c0680d5000 Exception <a 'sun/nio/fs/WindowsException'{0x000000008afc30b8}> (0x000000008afc30b8) thrown at [./src/hotspot/share/prims/jni.cpp, line 615]
Event: 5864.122 Thread 0x000001c0680d5000 Exception <a 'sun/nio/fs/WindowsException'{0x000000008afd49a0}> (0x000000008afd49a0) thrown at [./src/hotspot/share/prims/jni.cpp, line 615]
Event: 5864.126 Thread 0x000001c0680d5000 Exception <a 'sun/nio/fs/WindowsException'{0x000000008ae12038}> (0x000000008ae12038) thrown at [./src/hotspot/share/prims/jni.cpp, line 615]
Event: 5864.127 Thread 0x000001c0680d5000 Exception <a 'sun/nio/fs/WindowsException'{0x000000008ae1e400}> (0x000000008ae1e400) thrown at [./src/hotspot/share/prims/jni.cpp, line 615]

Events (20 events):
Event: 5863.891 loading class com/bumptech/glide/annotation/GlideModule
Event: 5863.891 loading class com/bumptech/glide/annotation/GlideModule done
Event: 5863.891 loading class com/bumptech/glide/annotation/GlideExtension
Event: 5863.891 loading class com/bumptech/glide/annotation/GlideExtension done
Event: 5863.892 Executing VM operation: ICBufferFull
Event: 5863.892 Executing VM operation: ICBufferFull done
Event: 5863.921 Executing VM operation: ICBufferFull
Event: 5863.921 Executing VM operation: ICBufferFull done
Event: 5863.942 Executing VM operation: ICBufferFull
Event: 5863.942 Executing VM operation: ICBufferFull done
Event: 5863.947 Executing VM operation: ICBufferFull
Event: 5863.947 Executing VM operation: ICBufferFull done
Event: 5863.964 Executing VM operation: ICBufferFull
Event: 5863.964 Executing VM operation: ICBufferFull done
Event: 5864.006 Executing VM operation: ICBufferFull
Event: 5864.006 Executing VM operation: ICBufferFull done
Event: 5864.019 Executing VM operation: G1CollectForAllocation
Event: 5864.032 Executing VM operation: G1CollectForAllocation done
Event: 5864.056 Executing VM operation: G1CollectForAllocation
Event: 5864.071 Executing VM operation: G1CollectForAllocation done


Dynamic libraries:
0x00007ff6d6b40000 - 0x00007ff6d6b4a000 	C:\Program Files\Android\Android Studio\jre\bin\java.exe
0x00007ffa69340000 - 0x00007ffa69547000 	C:\Windows\SYSTEM32\ntdll.dll
0x00007ffa67210000 - 0x00007ffa672cd000 	C:\Windows\System32\KERNEL32.DLL
0x00007ffa66cd0000 - 0x00007ffa67042000 	C:\Windows\System32\KERNELBASE.dll
0x00007ffa669a0000 - 0x00007ffa66ab1000 	C:\Windows\System32\ucrtbase.dll
0x00007ffa53480000 - 0x00007ffa53499000 	C:\Program Files\Android\Android Studio\jre\bin\jli.dll
0x00007ffa51430000 - 0x00007ffa51447000 	C:\Program Files\Android\Android Studio\jre\bin\VCRUNTIME140.dll
0x00007ffa67410000 - 0x00007ffa675bc000 	C:\Windows\System32\USER32.dll
0x00007ffa65a50000 - 0x00007ffa65cf5000 	C:\Windows\WinSxS\amd64_microsoft.windows.common-controls_6595b64144ccf1df_6.0.21996.1_none_7d6b053978bcd706\COMCTL32.dll
0x00007ffa66b30000 - 0x00007ffa66b56000 	C:\Windows\System32\win32u.dll
0x00007ffa689f0000 - 0x00007ffa68a93000 	C:\Windows\System32\msvcrt.dll
0x00007ffa682c0000 - 0x00007ffa682e9000 	C:\Windows\System32\GDI32.dll
0x00007ffa67050000 - 0x00007ffa67162000 	C:\Windows\System32\gdi32full.dll
0x00007ffa67170000 - 0x00007ffa6720d000 	C:\Windows\System32\msvcp_win.dll
0x00007ffa686e0000 - 0x00007ffa68711000 	C:\Windows\System32\IMM32.DLL
0x00007ffa43ca0000 - 0x00007ffa43d3d000 	C:\Program Files\Android\Android Studio\jre\bin\msvcp140.dll
0x00007ffa05e90000 - 0x00007ffa0695f000 	C:\Program Files\Android\Android Studio\jre\bin\server\jvm.dll
0x00007ffa68bb0000 - 0x00007ffa68c5c000 	C:\Windows\System32\ADVAPI32.dll
0x00007ffa684b0000 - 0x00007ffa6854d000 	C:\Windows\System32\sechost.dll
0x00007ffa67640000 - 0x00007ffa67761000 	C:\Windows\System32\RPCRT4.dll
0x00007ffa68550000 - 0x00007ffa68558000 	C:\Windows\System32\PSAPI.DLL
0x00007ffa64b60000 - 0x00007ffa64b69000 	C:\Windows\SYSTEM32\WSOCK32.dll
0x00007ffa69280000 - 0x00007ffa692ef000 	C:\Windows\System32\WS2_32.dll
0x00007ffa60170000 - 0x00007ffa6017a000 	C:\Windows\SYSTEM32\VERSION.dll
0x00007ffa61f70000 - 0x00007ffa61fa3000 	C:\Windows\SYSTEM32\WINMM.dll
0x00007ffa64c20000 - 0x00007ffa64c37000 	C:\Windows\SYSTEM32\kernel.appcore.dll
0x00007ffa62080000 - 0x00007ffa62091000 	C:\Program Files\Android\Android Studio\jre\bin\verify.dll
0x00007ffa661b0000 - 0x00007ffa663d1000 	C:\Windows\SYSTEM32\DBGHELP.DLL
0x00007ffa65f00000 - 0x00007ffa65f31000 	C:\Windows\SYSTEM32\dbgcore.DLL
0x00007ffa66860000 - 0x00007ffa668e0000 	C:\Windows\System32\bcryptPrimitives.dll
0x00007ffa62050000 - 0x00007ffa62079000 	C:\Program Files\Android\Android Studio\jre\bin\java.dll
0x00007ffa64b40000 - 0x00007ffa64b4b000 	C:\Program Files\Android\Android Studio\jre\bin\jimage.dll
0x00007ffa57030000 - 0x00007ffa57048000 	C:\Program Files\Android\Android Studio\jre\bin\zip.dll
0x00007ffa67b50000 - 0x00007ffa682b9000 	C:\Windows\System32\SHELL32.dll
0x00007ffa63b60000 - 0x00007ffa643b8000 	C:\Windows\SYSTEM32\windows.storage.dll
0x00007ffa677d0000 - 0x00007ffa67b45000 	C:\Windows\System32\combase.dll
0x00007ffa639f0000 - 0x00007ffa63b56000 	C:\Windows\SYSTEM32\wintypes.dll
0x00007ffa68aa0000 - 0x00007ffa68b8a000 	C:\Windows\System32\SHCORE.dll
0x00007ffa675c0000 - 0x00007ffa6761d000 	C:\Windows\System32\shlwapi.dll
0x00007ffa66790000 - 0x00007ffa667b1000 	C:\Windows\SYSTEM32\profapi.dll
0x00007ffa57010000 - 0x00007ffa5702a000 	C:\Program Files\Android\Android Studio\jre\bin\net.dll
0x00007ffa5fa40000 - 0x00007ffa5fb4c000 	C:\Windows\SYSTEM32\WINHTTP.dll
0x00007ffa658a0000 - 0x00007ffa65907000 	C:\Windows\system32\mswsock.dll
0x00007ffa56cb0000 - 0x00007ffa56cc4000 	C:\Program Files\Android\Android Studio\jre\bin\nio.dll
0x00007ffa51450000 - 0x00007ffa51477000 	C:\Users\Nguyen Hoang Giang\.gradle\native\8bec1ad78214c89d9ad589b4d07fe93259594b29d510b10fafb7a158f7737e5d\windows-amd64\native-platform.dll
0x00007ffa43d40000 - 0x00007ffa43e7d000 	C:\Users\Nguyen Hoang Giang\.gradle\native\53dbd7edfb1c66fb8903c78663c9afc45aea4f116125fa6feffd364cf09443e8\windows-amd64\native-platform-file-events.dll
0x00007ffa62040000 - 0x00007ffa6204a000 	C:\Program Files\Android\Android Studio\jre\bin\management.dll
0x00007ffa60520000 - 0x00007ffa6052c000 	C:\Program Files\Android\Android Studio\jre\bin\management_ext.dll
0x00007ffa66510000 - 0x00007ffa66528000 	C:\Windows\SYSTEM32\CRYPTSP.dll
0x00007ffa64b80000 - 0x00007ffa64bb5000 	C:\Windows\system32\rsaenh.dll
0x00007ffa65710000 - 0x00007ffa65739000 	C:\Windows\SYSTEM32\USERENV.dll
0x00007ffa66140000 - 0x00007ffa66167000 	C:\Windows\SYSTEM32\bcrypt.dll
0x00007ffa65860000 - 0x00007ffa6586c000 	C:\Windows\SYSTEM32\CRYPTBASE.dll
0x00007ffa64650000 - 0x00007ffa6467d000 	C:\Windows\SYSTEM32\IPHLPAPI.DLL
0x00007ffa686d0000 - 0x00007ffa686d9000 	C:\Windows\System32\NSI.dll
0x00007ffa5f9e0000 - 0x00007ffa5f9f9000 	C:\Windows\SYSTEM32\dhcpcsvc6.DLL
0x00007ffa60420000 - 0x00007ffa6043e000 	C:\Windows\SYSTEM32\dhcpcsvc.DLL
0x00007ffa64680000 - 0x00007ffa64765000 	C:\Windows\SYSTEM32\DNSAPI.dll
0x00007ffa534a0000 - 0x00007ffa534c7000 	C:\Program Files\Android\Android Studio\jre\bin\sunec.dll

dbghelp: loaded successfully - version: 4.0.5 - missing functions: none
symbol engine: initialized successfully - sym options: 0x614 - pdb path: .;C:\Program Files\Android\Android Studio\jre\bin;C:\Windows\SYSTEM32;C:\Windows\WinSxS\amd64_microsoft.windows.common-controls_6595b64144ccf1df_6.0.21996.1_none_7d6b053978bcd706;C:\Program Files\Android\Android Studio\jre\bin\server;C:\Users\Nguyen Hoang Giang\.gradle\native\8bec1ad78214c89d9ad589b4d07fe93259594b29d510b10fafb7a158f7737e5d\windows-amd64;C:\Users\Nguyen Hoang Giang\.gradle\native\53dbd7edfb1c66fb8903c78663c9afc45aea4f116125fa6feffd364cf09443e8\windows-amd64

VM Arguments:
jvm_args: --add-opens=java.base/java.util=ALL-UNNAMED --add-opens=java.base/java.lang=ALL-UNNAMED --add-opens=java.base/java.lang.invoke=ALL-UNNAMED --add-opens=java.base/java.util=ALL-UNNAMED --add-opens=java.prefs/java.util.prefs=ALL-UNNAMED --add-opens=java.prefs/java.util.prefs=ALL-UNNAMED --add-opens=java.base/java.nio.charset=ALL-UNNAMED --add-opens=java.base/java.net=ALL-UNNAMED --add-opens=java.base/java.util.concurrent.atomic=ALL-UNNAMED -Xmx2048m -Dfile.encoding=UTF-8 -Duser.country=US -Duser.language=en -Duser.variant 
java_command: org.gradle.launcher.daemon.bootstrap.GradleDaemon 7.0.2
java_class_path (initial): C:\Users\Nguyen Hoang Giang\.gradle\wrapper\dists\gradle-7.0.2-bin\857tjihv64xamwrf0h14cai3r\gradle-7.0.2\lib\gradle-launcher-7.0.2.jar
Launcher Type: SUN_STANDARD

[Global flags]
     intx CICompilerCount                          = 4                                         {product} {ergonomic}
     uint ConcGCThreads                            = 2                                         {product} {ergonomic}
     uint G1ConcRefinementThreads                  = 8                                         {product} {ergonomic}
   size_t G1HeapRegionSize                         = 1048576                                   {product} {ergonomic}
    uintx GCDrainStackTargetSize                   = 64                                        {product} {ergonomic}
   size_t InitialHeapSize                          = 132120576                                 {product} {ergonomic}
   size_t MarkStackSize                            = 4194304                                   {product} {ergonomic}
   size_t MaxHeapSize                              = 2147483648                                {product} {command line}
   size_t MaxNewSize                               = 1287651328                                {product} {ergonomic}
   size_t MinHeapDeltaBytes                        = 1048576                                   {product} {ergonomic}
    uintx NonNMethodCodeHeapSize                   = 5836300                                {pd product} {ergonomic}
    uintx NonProfiledCodeHeapSize                  = 122910970                              {pd product} {ergonomic}
    uintx ProfiledCodeHeapSize                     = 122910970                              {pd product} {ergonomic}
    uintx ReservedCodeCacheSize                    = 251658240                              {pd product} {ergonomic}
     bool SegmentedCodeCache                       = true                                      {product} {ergonomic}
     bool UseCompressedClassPointers               = true                                 {lp64_product} {ergonomic}
     bool UseCompressedOops                        = true                                 {lp64_product} {ergonomic}
     bool UseG1GC                                  = true                                      {product} {ergonomic}
     bool UseLargePagesIndividualAllocation        = false                                  {pd product} {ergonomic}

Logging:
Log output configuration:
 #0: stdout all=warning uptime,level,tags
 #1: stderr all=off uptime,level,tags

Environment Variables:
PATH=C:\Program Files (x86)\Common Files\Oracle\Java\javapath;C:\Windows\system32;C:\Windows;C:\Windows\System32\Wbem;C:\Windows\System32\WindowsPowerShell\v1.0\;C:\Windows\System32\OpenSSH\;C:\Program Files\Git\cmd;C:\Users\Nguyen Hoang Giang\AppData\Local\Microsoft\WindowsApps;
USERNAME=Nguyen Hoang Giang
OS=Windows_NT
PROCESSOR_IDENTIFIER=Intel64 Family 6 Model 142 Stepping 11, GenuineIntel



---------------  S Y S T E M  ---------------

OS: Windows 10 , 64 bit Build 21996 (10.0.21996.1)
OS uptime: 0 days 11:03 hours

CPU:total 8 (initial active 8) (4 cores per cpu, 2 threads per core) family 6 model 142 stepping 11 microcode 0xde, cmov, cx8, fxsr, mmx, sse, sse2, sse3, ssse3, sse4.1, sse4.2, popcnt, avx, avx2, aes, clmul, erms, 3dnowpref, lzcnt, ht, tsc, tscinvbit, bmi1, bmi2, adx, fma

Memory: 4k page, system-wide physical 8043M (1039M free)
TotalPageFile size 15979M (AvailPageFile size 3117M)
current process WorkingSet (physical memory assigned to process): 491M, peak: 504M
current process commit charge ("private bytes"): 597M, peak: 610M

vm_info: OpenJDK 64-Bit Server VM (11.0.10+0-b96-7249189) for windows-amd64 JRE (11.0.10+0-b96-7249189), built on Mar 31 2021 21:44:00 by "builder" with MS VC++ 14.0 (VS2015)

END.
