#
# A fatal error has been detected by the Java Runtime Environment:
#
#  EXCEPTION_ACCESS_VIOLATION (0xc0000005) at pc=0x00007ffa0601c9e6, pid=3612, tid=11368
#
# JRE version: OpenJDK Runtime Environment (11.0.10) (build 11.0.10+0-b96-7249189)
# Java VM: OpenJDK 64-Bit Server VM (11.0.10+0-b96-7249189, mixed mode, tiered, compressed oops, g1 gc, windows-amd64)
# Problematic frame:
# V  [jvm.dll+0x18c9e6]
#
# No core dump will be written. Minidumps are not enabled by default on client versions of Windows
#
# If you would like to submit a bug report, please visit:
#   https://bugreport.java.com/bugreport/crash.jsp
#

---------------  S U M M A R Y ------------

Command Line: --add-opens=java.base/java.util=ALL-UNNAMED --add-opens=java.base/java.lang=ALL-UNNAMED --add-opens=java.base/java.lang.invoke=ALL-UNNAMED --add-opens=java.base/java.util=ALL-UNNAMED --add-opens=java.prefs/java.util.prefs=ALL-UNNAMED --add-opens=java.prefs/java.util.prefs=ALL-UNNAMED --add-opens=java.base/java.nio.charset=ALL-UNNAMED --add-opens=java.base/java.net=ALL-UNNAMED --add-opens=java.base/java.util.concurrent.atomic=ALL-UNNAMED -Xmx2048m -Dfile.encoding=UTF-8 -Duser.country=US -Duser.language=en -Duser.variant org.gradle.launcher.daemon.bootstrap.GradleDaemon 7.0.2

Host: Intel(R) Core(TM) i5-8265U CPU @ 1.60GHz, 8 cores, 7G,  Windows 10 , 64 bit Build 21996 (10.0.21996.1)
Time: Thu Sep 23 13:04:03 2021 SE Asia Standard Time elapsed time: 5681.073286 seconds (0d 1h 34m 41s)

---------------  T H R E A D  ---------------

Current thread (0x000001f8b9639800):  ConcurrentGCThread "G1 Conc#0" [stack: 0x0000008d9ea00000,0x0000008d9eb00000] [id=11368]

Stack: [0x0000008d9ea00000,0x0000008d9eb00000],  sp=0x0000008d9eaff288,  free space=1020k
Native frames: (J=compiled Java code, j=interpreted, Vv=VM code, C=native code)
V  [jvm.dll+0x18c9e6]


siginfo: EXCEPTION_ACCESS_VIOLATION (0xc0000005), reading address 0x0000000000000190


Register to memory mapping:

RIP=0x00007ffa0601c9e6 jvm.dll
RAX=0x0024200000000001 is an unknown value
RBX=0x0000000081650dc4 is pointing into object: [B 
{0x0000000081650dc0} - klass: {type array byte}
 - length: 49
RCX=0x0000000081650dc4 is pointing into object: [B 
{0x0000000081650dc0} - klass: {type array byte}
 - length: 49
RDX=0x0000000081650dc4 is pointing into object: [B 
{0x0000000081650dc0} - klass: {type array byte}
 - length: 49
RSP=0x0000008d9eaff288 points into unknown readable memory: 0x00007ffa0616a4ea | ea a4 16 06 fa 7f 00 00
RBP=0x000001f8b962f670 points into unknown readable memory: 0x000001f8b9638000 | 00 80 63 b9 f8 01 00 00
RSI=0x0000000000000001 is an unknown value
RDI=0x0 is NULL
R8 =0x0024200000000000 is an unknown value
R9 =0x0000000000000188 is an unknown value
R10=0x000001f8b962f670 points into unknown readable memory: 0x000001f8b9638000 | 00 80 63 b9 f8 01 00 00
R11=0x000001f8cf020000 points into unknown readable memory: 0x1220000480820901 | 01 09 82 80 04 00 20 12
R12=0x000000000000000c is an unknown value
R13=0xaaaaaaaaaaaaaaab is an unknown value
R14=0x0000000000000001 is an unknown value
R15=0x0000000081650da8 is an oop: java.lang.String 
{0x0000000081650da8} - klass: 'java/lang/String'


Registers:
RAX=0x0024200000000001, RBX=0x0000000081650dc4, RCX=0x0000000081650dc4, RDX=0x0000000081650dc4
RSP=0x0000008d9eaff288, RBP=0x000001f8b962f670, RSI=0x0000000000000001, RDI=0x0000000000000000
R8 =0x0024200000000000, R9 =0x0000000000000188, R10=0x000001f8b962f670, R11=0x000001f8cf020000
R12=0x000000000000000c, R13=0xaaaaaaaaaaaaaaab, R14=0x0000000000000001, R15=0x0000000081650da8
RIP=0x00007ffa0601c9e6, EFLAGS=0x0000000000010206

Top of Stack: (sp=0x0000008d9eaff288)
0x0000008d9eaff288:   00007ffa0616a4ea 0000000081650dc4
0x0000008d9eaff298:   0000000100001a68 000001f8b96442a0
0x0000008d9eaff2a8:   0000008d9eaff4c8 0000000100001a70
0x0000008d9eaff2b8:   00007ffa0616a396 0000000100001a68
0x0000008d9eaff2c8:   0000000081650dc4 000001f8b9644340
0x0000008d9eaff2d8:   0000008d9eaff4c8 0000000000000000
0x0000008d9eaff2e8:   0000008d9eaff4c8 0000000081650db8
0x0000008d9eaff2f8:   00007ffa061621ed 0000000000000003
0x0000008d9eaff308:   0000000081650db4 000000008164e3a0
0x0000008d9eaff318:   000000008164e3b0 0000008d9eaff4a0
0x0000008d9eaff328:   000001f8b9639b01 0000000100001808
0x0000008d9eaff338:   00007ffa06161aa1 0000000000000003
0x0000008d9eaff348:   0000008d9eaff4c8 0000000081650da8
0x0000008d9eaff358:   aaaaaaaaaaaaaaab 0000000081650da8
0x0000008d9eaff368:   00007ffa0616ffcf 000001f8b9644340
0x0000008d9eaff378:   00000000002e0000 0000000000000000 

Instructions: (pc=0x00007ffa0601c9e6)
0x00007ffa0601c8e6:   82 00 48 d3 e0 48 03 05 1e 22 82 00 eb 04 48 8b
0x00007ffa0601c8f6:   43 08 81 78 08 00 00 00 c0 73 7d 48 8b 4f 38 48
0x00007ffa0601c906:   8b d3 48 8b 01 ff 50 20 84 c0 75 6c 38 05 80 ac
0x00007ffa0601c916:   86 00 74 15 8b 53 08 8b 0d f5 21 82 00 48 d3 e2
0x00007ffa0601c926:   48 03 15 e3 21 82 00 eb 04 48 8b 53 08 48 8b cb
0x00007ffa0601c936:   48 89 5c 24 20 e8 a0 00 00 00 80 7f 30 00 48 63
0x00007ffa0601c946:   c8 48 89 4c 24 28 0f 28 44 24 20 74 17 0f 11 86
0x00007ffa0601c956:   98 03 00 00 48 8b 5c 24 40 48 8b 74 24 48 48 83
0x00007ffa0601c966:   c4 30 5f c3 48 8b 07 48 8d 54 24 20 48 8b cf 66
0x00007ffa0601c976:   0f 7f 44 24 20 ff 50 38 48 8b 5c 24 40 48 8b 74
0x00007ffa0601c986:   24 48 48 83 c4 30 5f c3 cc cc 48 8b 49 38 48 8b
0x00007ffa0601c996:   01 48 ff 60 28 cc cc cc cc cc 80 3d f1 ab 86 00
0x00007ffa0601c9a6:   00 48 8b c1 74 1b 8b 51 08 8b 0d 63 21 82 00 48
0x00007ffa0601c9b6:   d3 e2 48 8b c8 48 03 15 4e 21 82 00 e9 19 00 00
0x00007ffa0601c9c6:   00 48 8b 51 08 48 8b c8 e9 0d 00 00 00 cc cc cc
0x00007ffa0601c9d6:   cc cc cc cc cc cc cc cc cc cc 4c 8b ca 48 8b d1
0x00007ffa0601c9e6:   45 8b 41 08 45 85 c0 7e 0e 41 f6 c0 01 75 59 41
0x00007ffa0601c9f6:   c1 f8 03 41 8b c0 c3 79 4f 80 3d 92 ab 86 00 00
0x00007ffa0601ca06:   b8 0c 00 00 00 b9 10 00 00 00 0f 45 c8 8b 05 ab
0x00007ffa0601ca16:   6c 80 00 ff c8 4c 63 c8 48 63 c1 41 8b c8 83 e1
0x00007ffa0601ca26:   3f 48 63 14 10 41 8b c0 48 c1 f8 10 0f b6 c0 48
0x00007ffa0601ca36:   d3 e2 49 8d 0c 11 49 f7 d1 48 03 c1 49 c1 e9 03
0x00007ffa0601ca46:   48 c1 e8 03 41 23 c1 c3 49 8b 01 49 8b c9 48 ff
0x00007ffa0601ca56:   a0 10 01 00 00 cc cc cc cc cc 48 83 ec 38 0f 10
0x00007ffa0601ca66:   02 48 8b 49 38 48 8d 54 24 20 0f 29 44 24 20 e8
0x00007ffa0601ca76:   56 f0 ff ff 48 83 c4 38 c3 cc 48 89 5c 24 08 55
0x00007ffa0601ca86:   56 57 41 54 41 55 41 56 41 57 48 8d 6c 24 e0 48
0x00007ffa0601ca96:   81 ec 20 01 00 00 48 8b 05 5d a5 83 00 48 33 c4
0x00007ffa0601caa6:   48 89 45 10 48 8b 05 df 15 86 00 45 33 ed 4c 8b
0x00007ffa0601cab6:   b5 80 00 00 00 4c 8b fa 48 8b bd 88 00 00 00 4d
0x00007ffa0601cac6:   8b c6 49 8b d6 49 8b f1 48 8b 48 38 48 8b 59 48
0x00007ffa0601cad6:   49 8b cf c7 45 c0 ff ff ff ff 44 89 6d d4 4c 89 


Stack slot to memory mapping:
stack at sp + 0 slots: 0x00007ffa0616a4ea jvm.dll
stack at sp + 1 slots: 0x0000000081650dc4 is pointing into object: [B 
{0x0000000081650dc0} - klass: {type array byte}
 - length: 49
stack at sp + 2 slots: 0x0000000100001a68 is pointing into metadata
stack at sp + 3 slots: 0x000001f8b96442a0 points into unknown readable memory: 0x000001f800000045 | 45 00 00 00 f8 01 00 00
stack at sp + 4 slots: 0x0000008d9eaff4c8 points into unknown readable memory: 0x00007ffa066aef20 | 20 ef 6a 06 fa 7f 00 00
stack at sp + 5 slots: 0x0000000100001a70 is a pointer to class: 
java.lang.reflect.AnnotatedElement {0x0000000100001a78}
stack at sp + 6 slots: 0x00007ffa0616a396 jvm.dll
stack at sp + 7 slots: 0x0000000100001a68 is pointing into metadata


---------------  P R O C E S S  ---------------

Threads class SMR info:
_java_thread_list=0x000001f8dcd09090, length=69, elements={
0x000001f8b95ed000, 0x000001f8d3a63800, 0x000001f8d3a6e800, 0x000001f8d43f2800,
0x000001f8d3a7f800, 0x000001f8d3a80800, 0x000001f8d3a84000, 0x000001f8d3a95800,
0x000001f8d3a98000, 0x000001f8d4540800, 0x000001f8d6e32800, 0x000001f8d464d000,
0x000001f8d67b2000, 0x000001f8d679f800, 0x000001f8d67a3800, 0x000001f8d67a3000,
0x000001f8d67a4800, 0x000001f8d679e800, 0x000001f8d8023000, 0x000001f8d8027000,
0x000001f8d8028000, 0x000001f8d8022800, 0x000001f8d8029800, 0x000001f8d8031000,
0x000001f8d6ce2800, 0x000001f8d6ce1000, 0x000001f8d6ce1800, 0x000001f8d6ce3800,
0x000001f8d6ce0000, 0x000001f8d67a2000, 0x000001f8d6cda800, 0x000001f8d6cd1000,
0x000001f8d6ccf000, 0x000001f8d6cd3800, 0x000001f8d6cd0000, 0x000001f8d6cd1800,
0x000001f8d6cd2800, 0x000001f8d6ccd800, 0x000001f8d6cce800, 0x000001f8d6cd5000,
0x000001f8d6cda000, 0x000001f8d6cd9000, 0x000001f8d6cd7800, 0x000001f8d6cd5800,
0x000001f8d6cd4000, 0x000001f8d6cdb800, 0x000001f8d6cdc800, 0x000001f8d6cd6800,
0x000001f8d6cd8000, 0x000001f8deecd000, 0x000001f8deec9800, 0x000001f8deece000,
0x000001f8deec9000, 0x000001f8deec8000, 0x000001f8deeca800, 0x000001f8deecb800,
0x000001f8deed1000, 0x000001f8deed3800, 0x000001f8deed2000, 0x000001f8deecf800,
0x000001f8deed4800, 0x000001f8deece800, 0x000001f8deed2800, 0x000001f8deed0000,
0x000001f8deed5000, 0x000001f8deed6800, 0x000001f8deed6000, 0x000001f8d6f11800,
0x000001f8d7b1e800
}

Java Threads: ( => current thread )
  0x000001f8b95ed000 JavaThread "main" [_thread_blocked, id=1644, stack(0x0000008d9e700000,0x0000008d9e800000)]
  0x000001f8d3a63800 JavaThread "Reference Handler" daemon [_thread_blocked, id=5156, stack(0x0000008d9ee00000,0x0000008d9ef00000)]
  0x000001f8d3a6e800 JavaThread "Finalizer" daemon [_thread_blocked, id=6636, stack(0x0000008d9ef00000,0x0000008d9f000000)]
  0x000001f8d43f2800 JavaThread "Signal Dispatcher" daemon [_thread_blocked, id=8828, stack(0x0000008d9f000000,0x0000008d9f100000)]
  0x000001f8d3a7f800 JavaThread "Attach Listener" daemon [_thread_blocked, id=1828, stack(0x0000008d9f100000,0x0000008d9f200000)]
  0x000001f8d3a80800 JavaThread "Service Thread" daemon [_thread_blocked, id=3692, stack(0x0000008d9f200000,0x0000008d9f300000)]
  0x000001f8d3a84000 JavaThread "C2 CompilerThread0" daemon [_thread_in_native, id=2444, stack(0x0000008d9f300000,0x0000008d9f400000)]
  0x000001f8d3a95800 JavaThread "C1 CompilerThread0" daemon [_thread_blocked, id=11896, stack(0x0000008d9f400000,0x0000008d9f500000)]
  0x000001f8d3a98000 JavaThread "Sweeper thread" daemon [_thread_blocked, id=13520, stack(0x0000008d9f500000,0x0000008d9f600000)]
  0x000001f8d4540800 JavaThread "Common-Cleaner" daemon [_thread_blocked, id=9616, stack(0x0000008d9f600000,0x0000008d9f700000)]
  0x000001f8d6e32800 JavaThread "Daemon health stats" [_thread_blocked, id=11556, stack(0x0000008d9fc00000,0x0000008d9fd00000)]
  0x000001f8d464d000 JavaThread "Incoming local TCP Connector on port 53360" [_thread_in_native, id=8416, stack(0x0000008d9f800000,0x0000008d9f900000)]
  0x000001f8d67b2000 JavaThread "Daemon periodic checks" [_thread_blocked, id=3220, stack(0x0000008d9f900000,0x0000008d9fa00000)]
  0x000001f8d679f800 JavaThread "Cache worker for file hash cache (C:\Users\Nguyen Hoang Giang\.gradle\caches\7.0.2\fileHashes)" [_thread_blocked, id=1108, stack(0x0000008da0900000,0x0000008da0a00000)]
  0x000001f8d67a3800 JavaThread "File lock request listener" [_thread_in_native, id=6052, stack(0x0000008da0a00000,0x0000008da0b00000)]
  0x000001f8d67a3000 JavaThread "Cache worker for journal cache (C:\Users\Nguyen Hoang Giang\.gradle\caches\journal-1)" [_thread_blocked, id=5592, stack(0x0000008da0c00000,0x0000008da0d00000)]
  0x000001f8d67a4800 JavaThread "File watcher server" daemon [_thread_in_native, id=4636, stack(0x0000008da0f00000,0x0000008da1000000)]
  0x000001f8d679e800 JavaThread "File watcher consumer" daemon [_thread_blocked, id=2564, stack(0x0000008da1000000,0x0000008da1100000)]
  0x000001f8d8023000 JavaThread "Cache worker for execution history cache (C:\Users\Nguyen Hoang Giang\.gradle\caches\7.0.2\executionHistory)" [_thread_blocked, id=4728, stack(0x0000008da1500000,0x0000008da1600000)]
  0x000001f8d8027000 JavaThread "jar transforms" [_thread_blocked, id=12620, stack(0x0000008da1600000,0x0000008da1700000)]
  0x000001f8d8028000 JavaThread "jar transforms Thread 2" [_thread_blocked, id=11452, stack(0x0000008da1700000,0x0000008da1800000)]
  0x000001f8d8022800 JavaThread "Cache worker for file content cache (C:\Users\Nguyen Hoang Giang\.gradle\caches\7.0.2\fileContent)" [_thread_blocked, id=6824, stack(0x0000008da1800000,0x0000008da1900000)]
  0x000001f8d8029800 JavaThread "jar transforms Thread 3" [_thread_blocked, id=836, stack(0x0000008da1a00000,0x0000008da1b00000)]
  0x000001f8d8031000 JavaThread "jar transforms Thread 4" [_thread_blocked, id=10468, stack(0x0000008da2400000,0x0000008da2500000)]
  0x000001f8d6ce2800 JavaThread "jar transforms Thread 5" [_thread_blocked, id=5856, stack(0x0000008da2500000,0x0000008da2600000)]
  0x000001f8d6ce1000 JavaThread "jar transforms Thread 6" [_thread_blocked, id=5176, stack(0x0000008da2600000,0x0000008da2700000)]
  0x000001f8d6ce1800 JavaThread "jar transforms Thread 7" [_thread_blocked, id=14264, stack(0x0000008da2700000,0x0000008da2800000)]
  0x000001f8d6ce3800 JavaThread "jar transforms Thread 8" [_thread_blocked, id=5088, stack(0x0000008da2800000,0x0000008da2900000)]
  0x000001f8d6ce0000 JavaThread "Memory manager" [_thread_blocked, id=6396, stack(0x0000008da2900000,0x0000008da2a00000)]
  0x000001f8d67a2000 JavaThread "Cache worker for Java compile cache (C:\Users\Nguyen Hoang Giang\.gradle\caches\7.0.2\javaCompile)" [_thread_blocked, id=14068, stack(0x0000008da3000000,0x0000008da3100000)]
  0x000001f8d6cda800 JavaThread "ForkJoinPool.commonPool-worker-1" daemon [_thread_blocked, id=8800, stack(0x0000008da3d00000,0x0000008da3e00000)]
  0x000001f8d6cd1000 JavaThread "Daemon Thread 15" [_thread_blocked, id=4488, stack(0x0000008d9e400000,0x0000008d9e500000)]
  0x000001f8d6ccf000 JavaThread "Handler for socket connection from /127.0.0.1:53360 to /127.0.0.1:63300" [_thread_in_native, id=5536, stack(0x0000008d9e500000,0x0000008d9e600000)]
  0x000001f8d6cd3800 JavaThread "Cancel handler" [_thread_blocked, id=8532, stack(0x0000008d9e600000,0x0000008d9e700000)]
  0x000001f8d6cd0000 JavaThread "Daemon worker Thread 15" [_thread_blocked, id=8940, stack(0x0000008d9fd00000,0x0000008d9fe00000)]
  0x000001f8d6cd1800 JavaThread "Asynchronous log dispatcher for DefaultDaemonConnection: socket connection from /127.0.0.1:53360 to /127.0.0.1:63300" [_thread_blocked, id=952, stack(0x0000008d9fe00000,0x0000008d9ff00000)]
  0x000001f8d6cd2800 JavaThread "Stdin handler" [_thread_blocked, id=12520, stack(0x0000008d9ff00000,0x0000008da0000000)]
  0x000001f8d6ccd800 JavaThread "Daemon client event forwarder" [_thread_blocked, id=1540, stack(0x0000008da0000000,0x0000008da0100000)]
  0x000001f8d6cce800 JavaThread "Cache worker for file hash cache (D:\Android Studio\MusicApplication\.gradle\7.0.2\fileHashes)" [_thread_blocked, id=4444, stack(0x0000008da0100000,0x0000008da0200000)]
  0x000001f8d6cd5000 JavaThread "Cache worker for checksums cache (D:\Android Studio\MusicApplication\.gradle\checksums)" [_thread_blocked, id=6392, stack(0x0000008da0200000,0x0000008da0300000)]
  0x000001f8d6cda000 JavaThread "Cache worker for cache directory md-supplier (C:\Users\Nguyen Hoang Giang\.gradle\caches\7.0.2\md-supplier)" [_thread_blocked, id=6032, stack(0x0000008da0300000,0x0000008da0400000)]
  0x000001f8d6cd9000 JavaThread "Cache worker for cache directory md-rule (C:\Users\Nguyen Hoang Giang\.gradle\caches\7.0.2\md-rule)" [_thread_blocked, id=14752, stack(0x0000008da0d00000,0x0000008da0e00000)]
  0x000001f8d6cd7800 JavaThread "Cache worker for dependencies-accessors (D:\Android Studio\MusicApplication\.gradle\7.0.2\dependencies-accessors)" [_thread_blocked, id=5952, stack(0x0000008da0e00000,0x0000008da0f00000)]
  0x000001f8d6cd5800 JavaThread "Cache worker for Build Output Cleanup Cache (D:\Android Studio\MusicApplication\.gradle\buildOutputCleanup)" [_thread_blocked, id=13636, stack(0x0000008da1100000,0x0000008da1200000)]
  0x000001f8d6cd4000 JavaThread "Build operations" [_thread_blocked, id=13144, stack(0x0000008da1300000,0x0000008da1400000)]
  0x000001f8d6cdb800 JavaThread "Build operations Thread 2" [_thread_blocked, id=7172, stack(0x0000008da1400000,0x0000008da1500000)]
  0x000001f8d6cdc800 JavaThread "Build operations Thread 3" [_thread_blocked, id=12536, stack(0x0000008da1900000,0x0000008da1a00000)]
  0x000001f8d6cd6800 JavaThread "Build operations Thread 4" [_thread_blocked, id=12908, stack(0x0000008da1b00000,0x0000008da1c00000)]
  0x000001f8d6cd8000 JavaThread "Build operations Thread 5" [_thread_blocked, id=8756, stack(0x0000008da1c00000,0x0000008da1d00000)]
  0x000001f8deecd000 JavaThread "Build operations Thread 6" [_thread_blocked, id=684, stack(0x0000008da1d00000,0x0000008da1e00000)]
  0x000001f8deec9800 JavaThread "Build operations Thread 7" [_thread_blocked, id=14572, stack(0x0000008da1e00000,0x0000008da1f00000)]
  0x000001f8deece000 JavaThread "Build operations Thread 8" [_thread_blocked, id=7944, stack(0x0000008da1f00000,0x0000008da2000000)]
  0x000001f8deec9000 JavaThread "build event listener" [_thread_blocked, id=9988, stack(0x0000008da2000000,0x0000008da2100000)]
  0x000001f8deec8000 JavaThread "Execution worker for ':'" [_thread_blocked, id=5124, stack(0x0000008da2100000,0x0000008da2200000)]
  0x000001f8deeca800 JavaThread "Execution worker for ':' Thread 2" [_thread_blocked, id=3344, stack(0x0000008da2200000,0x0000008da2300000)]
  0x000001f8deecb800 JavaThread "Execution worker for ':' Thread 3" [_thread_blocked, id=9780, stack(0x0000008da2300000,0x0000008da2400000)]
  0x000001f8deed1000 JavaThread "Execution worker for ':' Thread 4" [_thread_blocked, id=13276, stack(0x0000008da2a00000,0x0000008da2b00000)]
  0x000001f8deed3800 JavaThread "Execution worker for ':' Thread 5" [_thread_blocked, id=11756, stack(0x0000008da2b00000,0x0000008da2c00000)]
  0x000001f8deed2000 JavaThread "Execution worker for ':' Thread 6" [_thread_blocked, id=11540, stack(0x0000008da2c00000,0x0000008da2d00000)]
  0x000001f8deecf800 JavaThread "Execution worker for ':' Thread 7" [_thread_blocked, id=9712, stack(0x0000008da2d00000,0x0000008da2e00000)]
  0x000001f8deed4800 JavaThread "Cache worker for execution history cache (D:\Android Studio\MusicApplication\.gradle\7.0.2\executionHistory)" [_thread_blocked, id=1436, stack(0x0000008da2e00000,0x0000008da2f00000)]
  0x000001f8deece800 JavaThread "WorkerExecutor Queue" [_thread_blocked, id=7700, stack(0x0000008da3100000,0x0000008da3200000)]
  0x000001f8deed2800 JavaThread "WorkerExecutor Queue Thread 2" [_thread_in_vm, id=9792, stack(0x0000008da3200000,0x0000008da3300000)]
  0x000001f8deed0000 JavaThread "WorkerExecutor Queue Thread 3" [_thread_blocked, id=7368, stack(0x0000008da3300000,0x0000008da3400000)]
  0x000001f8deed5000 JavaThread "pool-54-thread-1" [_thread_blocked, id=15016, stack(0x0000008da3400000,0x0000008da3500000)]
  0x000001f8deed6800 JavaThread "stderr" [_thread_in_native, id=3296, stack(0x0000008da1200000,0x0000008da1300000)]
  0x000001f8deed6000 JavaThread "stdout" [_thread_in_native, id=14100, stack(0x0000008da2f00000,0x0000008da3000000)]
  0x000001f8d6f11800 JavaThread "C2 CompilerThread1" daemon [_thread_blocked, id=10388, stack(0x0000008da3500000,0x0000008da3600000)]
  0x000001f8d7b1e800 JavaThread "C2 CompilerThread2" daemon [_thread_blocked, id=1688, stack(0x0000008da3600000,0x0000008da3700000)]

Other Threads:
  0x000001f8d3a61800 VMThread "VM Thread" [stack: 0x0000008d9ed00000,0x0000008d9ee00000] [id=14148]
  0x000001f8d4561800 WatcherThread [stack: 0x0000008d9f700000,0x0000008d9f800000] [id=11424]
  0x000001f8b9604800 GCTaskThread "GC Thread#0" [stack: 0x0000008d9e800000,0x0000008d9e900000] [id=9960]
  0x000001f8d54b7000 GCTaskThread "GC Thread#1" [stack: 0x0000008d9fa00000,0x0000008d9fb00000] [id=13976]
  0x000001f8d4b19000 GCTaskThread "GC Thread#2" [stack: 0x0000008d9fb00000,0x0000008d9fc00000] [id=1140]
  0x000001f8d6c2e000 GCTaskThread "GC Thread#3" [stack: 0x0000008da0400000,0x0000008da0500000] [id=15020]
  0x000001f8d4a9b000 GCTaskThread "GC Thread#4" [stack: 0x0000008da0500000,0x0000008da0600000] [id=4352]
  0x000001f8d5f48000 GCTaskThread "GC Thread#5" [stack: 0x0000008da0600000,0x0000008da0700000] [id=10604]
  0x000001f8d4851000 GCTaskThread "GC Thread#6" [stack: 0x0000008da0700000,0x0000008da0800000] [id=10812]
  0x000001f8d5cde000 GCTaskThread "GC Thread#7" [stack: 0x0000008da0800000,0x0000008da0900000] [id=7248]
  0x000001f8b9638000 ConcurrentGCThread "G1 Main Marker" [stack: 0x0000008d9e900000,0x0000008d9ea00000] [id=12436]
=>0x000001f8b9639800 ConcurrentGCThread "G1 Conc#0" [stack: 0x0000008d9ea00000,0x0000008d9eb00000] [id=11368]
  0x000001f8d5617000 ConcurrentGCThread "G1 Conc#1" [stack: 0x0000008da0b00000,0x0000008da0c00000] [id=15184]
  0x000001f8b96ce800 ConcurrentGCThread "G1 Refine#0" [stack: 0x0000008d9eb00000,0x0000008d9ec00000] [id=9816]
  0x000001f8d38b0800 ConcurrentGCThread "G1 Young RemSet Sampling" [stack: 0x0000008d9ec00000,0x0000008d9ed00000] [id=11216]

Threads with active compile tasks:
C2 CompilerThread05681203 26085       4       com.android.ide.common.symbols.SymbolTable$FastBuilder::add (33 bytes)
C1 CompilerThread05681203 26112       3       com.google.common.math.MathPreconditions::checkPositive (53 bytes)

VM state:not at safepoint (normal execution)

VM Mutex/Monitor currently owned by a thread: None

Heap address: 0x0000000080000000, size: 2048 MB, Compressed Oops mode: 32-bit
Narrow klass base: 0x0000000000000000, Narrow klass shift: 3
Compressed class space size: 1073741824 Address: 0x0000000100000000

Heap:
 garbage-first heap   total 187392K, used 103532K [0x0000000080000000, 0x0000000100000000)
  region size 1024K, 14 young (14336K), 5 survivors (5120K)
 Metaspace       used 121314K, capacity 125858K, committed 126176K, reserved 1159168K
  class space    used 15118K, capacity 16776K, committed 16844K, reserved 1048576K
Heap Regions: E=young(eden), S=young(survivor), O=old, HS=humongous(starts), HC=humongous(continues), CS=collection set, F=free, A=archive, TAMS=top-at-mark-start (previous, next)
|   0|0x0000000080000000, 0x0000000080100000, 0x0000000080100000|100%| O|  |TAMS 0x0000000080100000, 0x0000000080100000| Untracked 
|   1|0x0000000080100000, 0x0000000080200000, 0x0000000080200000|100%| O|  |TAMS 0x0000000080200000, 0x0000000080200000| Untracked 
|   2|0x0000000080200000, 0x0000000080300000, 0x0000000080300000|100%| O|  |TAMS 0x0000000080300000, 0x0000000080300000| Untracked 
|   3|0x0000000080300000, 0x0000000080400000, 0x0000000080400000|100%|HS|  |TAMS 0x0000000080400000, 0x0000000080400000| Complete 
|   4|0x0000000080400000, 0x0000000080500000, 0x0000000080500000|100%|HC|  |TAMS 0x0000000080500000, 0x0000000080500000| Complete 
|   5|0x0000000080500000, 0x0000000080600000, 0x0000000080600000|100%|HC|  |TAMS 0x0000000080600000, 0x0000000080600000| Complete 
|   6|0x0000000080600000, 0x0000000080700000, 0x0000000080700000|100%| O|  |TAMS 0x0000000080700000, 0x0000000080700000| Untracked 
|   7|0x0000000080700000, 0x0000000080800000, 0x0000000080800000|100%| O|  |TAMS 0x0000000080800000, 0x0000000080800000| Untracked 
|   8|0x0000000080800000, 0x0000000080900000, 0x0000000080900000|100%| O|  |TAMS 0x0000000080900000, 0x0000000080900000| Untracked 
|   9|0x0000000080900000, 0x0000000080a00000, 0x0000000080a00000|100%| O|  |TAMS 0x0000000080a00000, 0x0000000080a00000| Untracked 
|  10|0x0000000080a00000, 0x0000000080b00000, 0x0000000080b00000|100%| O|  |TAMS 0x0000000080b00000, 0x0000000080b00000| Untracked 
|  11|0x0000000080b00000, 0x0000000080c00000, 0x0000000080c00000|100%| O|  |TAMS 0x0000000080c00000, 0x0000000080c00000| Untracked 
|  12|0x0000000080c00000, 0x0000000080d00000, 0x0000000080d00000|100%| O|  |TAMS 0x0000000080c00000, 0x0000000080d00000| Untracked 
|  13|0x0000000080d00000, 0x0000000080e00000, 0x0000000080e00000|100%| O|  |TAMS 0x0000000080e00000, 0x0000000080e00000| Untracked 
|  14|0x0000000080e00000, 0x0000000080f00000, 0x0000000080f00000|100%| O|  |TAMS 0x0000000080f00000, 0x0000000080f00000| Untracked 
|  15|0x0000000080f00000, 0x0000000081000000, 0x0000000081000000|100%| O|  |TAMS 0x0000000081000000, 0x0000000081000000| Untracked 
|  16|0x0000000081000000, 0x0000000081100000, 0x0000000081100000|100%| O|  |TAMS 0x0000000081100000, 0x0000000081100000| Untracked 
|  17|0x0000000081100000, 0x0000000081100000, 0x0000000081200000|  0%| F|  |TAMS 0x0000000081100000, 0x0000000081100000| Untracked 
|  18|0x0000000081200000, 0x0000000081300000, 0x0000000081300000|100%|HS|  |TAMS 0x0000000081300000, 0x0000000081300000| Complete 
|  19|0x0000000081300000, 0x0000000081400000, 0x0000000081400000|100%| O|  |TAMS 0x0000000081400000, 0x0000000081400000| Untracked 
|  20|0x0000000081400000, 0x0000000081500000, 0x0000000081500000|100%| O|  |TAMS 0x0000000081400000, 0x0000000081500000| Untracked 
|  21|0x0000000081500000, 0x0000000081500000, 0x0000000081600000|  0%| F|  |TAMS 0x0000000081500000, 0x0000000081500000| Untracked 
|  22|0x0000000081600000, 0x0000000081700000, 0x0000000081700000|100%| O|  |TAMS 0x0000000081700000, 0x0000000081700000| Untracked 
|  23|0x0000000081700000, 0x0000000081800000, 0x0000000081800000|100%|HS|  |TAMS 0x0000000081800000, 0x0000000081800000| Complete 
|  24|0x0000000081800000, 0x0000000081900000, 0x0000000081900000|100%|HS|  |TAMS 0x0000000081900000, 0x0000000081900000| Complete 
|  25|0x0000000081900000, 0x0000000081a00000, 0x0000000081a00000|100%|HC|  |TAMS 0x0000000081a00000, 0x0000000081a00000| Complete 
|  26|0x0000000081a00000, 0x0000000081b00000, 0x0000000081b00000|100%| O|  |TAMS 0x0000000081b00000, 0x0000000081b00000| Untracked 
|  27|0x0000000081b00000, 0x0000000081c00000, 0x0000000081c00000|100%| O|  |TAMS 0x0000000081c00000, 0x0000000081c00000| Untracked 
|  28|0x0000000081c00000, 0x0000000081d00000, 0x0000000081d00000|100%| O|  |TAMS 0x0000000081d00000, 0x0000000081d00000| Untracked 
|  29|0x0000000081d00000, 0x0000000081e00000, 0x0000000081e00000|100%| O|  |TAMS 0x0000000081e00000, 0x0000000081e00000| Untracked 
|  30|0x0000000081e00000, 0x0000000081f00000, 0x0000000081f00000|100%| O|  |TAMS 0x0000000081f00000, 0x0000000081f00000| Untracked 
|  31|0x0000000081f00000, 0x0000000082000000, 0x0000000082000000|100%| O|  |TAMS 0x0000000082000000, 0x0000000082000000| Untracked 
|  32|0x0000000082000000, 0x0000000082100000, 0x0000000082100000|100%| O|  |TAMS 0x0000000082100000, 0x0000000082100000| Untracked 
|  33|0x0000000082100000, 0x0000000082200000, 0x0000000082200000|100%| O|  |TAMS 0x0000000082200000, 0x0000000082200000| Untracked 
|  34|0x0000000082200000, 0x0000000082300000, 0x0000000082300000|100%| O|  |TAMS 0x0000000082300000, 0x0000000082300000| Untracked 
|  35|0x0000000082300000, 0x0000000082400000, 0x0000000082400000|100%| O|  |TAMS 0x0000000082400000, 0x0000000082400000| Untracked 
|  36|0x0000000082400000, 0x0000000082500000, 0x0000000082500000|100%| O|  |TAMS 0x0000000082500000, 0x0000000082500000| Untracked 
|  37|0x0000000082500000, 0x0000000082600000, 0x0000000082600000|100%| O|  |TAMS 0x0000000082600000, 0x0000000082600000| Untracked 
|  38|0x0000000082600000, 0x0000000082700000, 0x0000000082700000|100%| O|  |TAMS 0x0000000082700000, 0x0000000082700000| Untracked 
|  39|0x0000000082700000, 0x0000000082800000, 0x0000000082800000|100%| O|  |TAMS 0x0000000082700000, 0x0000000082800000| Untracked 
|  40|0x0000000082800000, 0x0000000082900000, 0x0000000082900000|100%| O|  |TAMS 0x0000000082800000, 0x0000000082900000| Untracked 
|  41|0x0000000082900000, 0x0000000082a00000, 0x0000000082a00000|100%| O|  |TAMS 0x0000000082a00000, 0x0000000082a00000| Untracked 
|  42|0x0000000082a00000, 0x0000000082b00000, 0x0000000082b00000|100%| O|  |TAMS 0x0000000082b00000, 0x0000000082b00000| Untracked 
|  43|0x0000000082b00000, 0x0000000082b00000, 0x0000000082c00000|  0%| F|  |TAMS 0x0000000082b00000, 0x0000000082b00000| Untracked 
|  44|0x0000000082c00000, 0x0000000082d00000, 0x0000000082d00000|100%| O|  |TAMS 0x0000000082d00000, 0x0000000082d00000| Untracked 
|  45|0x0000000082d00000, 0x0000000082e00000, 0x0000000082e00000|100%| O|  |TAMS 0x0000000082e00000, 0x0000000082e00000| Untracked 
|  46|0x0000000082e00000, 0x0000000082f00000, 0x0000000082f00000|100%| O|  |TAMS 0x0000000082f00000, 0x0000000082f00000| Untracked 
|  47|0x0000000082f00000, 0x0000000083000000, 0x0000000083000000|100%| O|  |TAMS 0x0000000083000000, 0x0000000083000000| Untracked 
|  48|0x0000000083000000, 0x0000000083100000, 0x0000000083100000|100%| O|  |TAMS 0x0000000083100000, 0x0000000083100000| Untracked 
|  49|0x0000000083100000, 0x0000000083200000, 0x0000000083200000|100%| O|  |TAMS 0x0000000083200000, 0x0000000083200000| Untracked 
|  50|0x0000000083200000, 0x0000000083200000, 0x0000000083300000|  0%| F|  |TAMS 0x0000000083200000, 0x0000000083200000| Untracked 
|  51|0x0000000083300000, 0x0000000083300000, 0x0000000083400000|  0%| F|  |TAMS 0x0000000083300000, 0x0000000083300000| Untracked 
|  52|0x0000000083400000, 0x0000000083500000, 0x0000000083500000|100%| O|  |TAMS 0x0000000083500000, 0x0000000083500000| Untracked 
|  53|0x0000000083500000, 0x0000000083600000, 0x0000000083600000|100%| O|  |TAMS 0x0000000083600000, 0x0000000083600000| Untracked 
|  54|0x0000000083600000, 0x0000000083700000, 0x0000000083700000|100%| O|  |TAMS 0x0000000083700000, 0x0000000083700000| Untracked 
|  55|0x0000000083700000, 0x000000008379d200, 0x0000000083800000| 61%| O|  |TAMS 0x0000000083700000, 0x000000008379d200| Untracked 
|  56|0x0000000083800000, 0x0000000083900000, 0x0000000083900000|100%| O|  |TAMS 0x0000000083900000, 0x0000000083900000| Untracked 
|  57|0x0000000083900000, 0x0000000083a00000, 0x0000000083a00000|100%| O|  |TAMS 0x0000000083a00000, 0x0000000083a00000| Untracked 
|  58|0x0000000083a00000, 0x0000000083b00000, 0x0000000083b00000|100%| O|  |TAMS 0x0000000083b00000, 0x0000000083b00000| Untracked 
|  59|0x0000000083b00000, 0x0000000083c00000, 0x0000000083c00000|100%| O|  |TAMS 0x0000000083c00000, 0x0000000083c00000| Untracked 
|  60|0x0000000083c00000, 0x0000000083d00000, 0x0000000083d00000|100%| O|  |TAMS 0x0000000083d00000, 0x0000000083d00000| Untracked 
|  61|0x0000000083d00000, 0x0000000083e00000, 0x0000000083e00000|100%| O|  |TAMS 0x0000000083e00000, 0x0000000083e00000| Untracked 
|  62|0x0000000083e00000, 0x0000000083e00000, 0x0000000083f00000|  0%| F|  |TAMS 0x0000000083e00000, 0x0000000083e00000| Untracked 
|  63|0x0000000083f00000, 0x0000000084000000, 0x0000000084000000|100%| O|  |TAMS 0x0000000083f73400, 0x0000000084000000| Untracked 
|  64|0x0000000084000000, 0x0000000084100000, 0x0000000084100000|100%| O|  |TAMS 0x0000000084100000, 0x0000000084100000| Untracked 
|  65|0x0000000084100000, 0x0000000084200000, 0x0000000084200000|100%| O|  |TAMS 0x0000000084100000, 0x0000000084200000| Untracked 
|  66|0x0000000084200000, 0x0000000084300000, 0x0000000084300000|100%| O|  |TAMS 0x0000000084200000, 0x0000000084300000| Untracked 
|  67|0x0000000084300000, 0x0000000084400000, 0x0000000084400000|100%| O|  |TAMS 0x0000000084400000, 0x0000000084400000| Untracked 
|  68|0x0000000084400000, 0x0000000084400000, 0x0000000084500000|  0%| F|  |TAMS 0x0000000084400000, 0x0000000084400000| Untracked 
|  69|0x0000000084500000, 0x0000000084600000, 0x0000000084600000|100%| O|  |TAMS 0x0000000084500000, 0x0000000084600000| Untracked 
|  70|0x0000000084600000, 0x0000000084600000, 0x0000000084700000|  0%| F|  |TAMS 0x0000000084600000, 0x0000000084600000| Untracked 
|  71|0x0000000084700000, 0x0000000084800000, 0x0000000084800000|100%| O|  |TAMS 0x0000000084700000, 0x0000000084800000| Untracked 
|  72|0x0000000084800000, 0x0000000084900000, 0x0000000084900000|100%| O|  |TAMS 0x0000000084900000, 0x0000000084900000| Untracked 
|  73|0x0000000084900000, 0x0000000084a00000, 0x0000000084a00000|100%| O|  |TAMS 0x0000000084a00000, 0x0000000084a00000| Untracked 
|  74|0x0000000084a00000, 0x0000000084b00000, 0x0000000084b00000|100%| O|  |TAMS 0x0000000084b00000, 0x0000000084b00000| Untracked 
|  75|0x0000000084b00000, 0x0000000084c00000, 0x0000000084c00000|100%| O|  |TAMS 0x0000000084c00000, 0x0000000084c00000| Untracked 
|  76|0x0000000084c00000, 0x0000000084d00000, 0x0000000084d00000|100%| O|  |TAMS 0x0000000084c00000, 0x0000000084d00000| Untracked 
|  77|0x0000000084d00000, 0x0000000084d00000, 0x0000000084e00000|  0%| F|  |TAMS 0x0000000084d00000, 0x0000000084d00000| Untracked 
|  78|0x0000000084e00000, 0x0000000084f00000, 0x0000000084f00000|100%| O|  |TAMS 0x0000000084f00000, 0x0000000084f00000| Untracked 
|  79|0x0000000084f00000, 0x0000000085000000, 0x0000000085000000|100%| O|  |TAMS 0x0000000084f00000, 0x0000000085000000| Untracked 
|  80|0x0000000085000000, 0x0000000085100000, 0x0000000085100000|100%| O|  |TAMS 0x0000000085100000, 0x0000000085100000| Untracked 
|  81|0x0000000085100000, 0x0000000085200000, 0x0000000085200000|100%| O|  |TAMS 0x0000000085100000, 0x0000000085200000| Untracked 
|  82|0x0000000085200000, 0x0000000085300000, 0x0000000085300000|100%| O|  |TAMS 0x0000000085200000, 0x0000000085300000| Untracked 
|  83|0x0000000085300000, 0x0000000085400000, 0x0000000085400000|100%|HS|  |TAMS 0x0000000085400000, 0x0000000085400000| Complete 
|  84|0x0000000085400000, 0x0000000085500000, 0x0000000085500000|100%|HC|  |TAMS 0x0000000085500000, 0x0000000085500000| Complete 
|  85|0x0000000085500000, 0x0000000085500000, 0x0000000085600000|  0%| F|  |TAMS 0x0000000085500000, 0x0000000085500000| Untracked 
|  86|0x0000000085600000, 0x0000000085600000, 0x0000000085700000|  0%| F|  |TAMS 0x0000000085600000, 0x0000000085600000| Untracked 
|  87|0x0000000085700000, 0x0000000085800000, 0x0000000085800000|100%| O|  |TAMS 0x0000000085800000, 0x0000000085800000| Untracked 
|  88|0x0000000085800000, 0x0000000085900000, 0x0000000085900000|100%| O|  |TAMS 0x0000000085800000, 0x0000000085900000| Untracked 
|  89|0x0000000085900000, 0x0000000085a00000, 0x0000000085a00000|100%| O|  |TAMS 0x0000000085a00000, 0x0000000085a00000| Untracked 
|  90|0x0000000085a00000, 0x0000000085b00000, 0x0000000085b00000|100%| O|  |TAMS 0x0000000085b00000, 0x0000000085b00000| Untracked 
|  91|0x0000000085b00000, 0x0000000085b00000, 0x0000000085c00000|  0%| F|  |TAMS 0x0000000085b00000, 0x0000000085b00000| Untracked 
|  92|0x0000000085c00000, 0x0000000085c00000, 0x0000000085d00000|  0%| F|  |TAMS 0x0000000085c00000, 0x0000000085c00000| Untracked 
|  93|0x0000000085d00000, 0x0000000085e00000, 0x0000000085e00000|100%| O|  |TAMS 0x0000000085d00000, 0x0000000085e00000| Untracked 
|  94|0x0000000085e00000, 0x0000000085f00000, 0x0000000085f00000|100%| O|  |TAMS 0x0000000085f00000, 0x0000000085f00000| Untracked 
|  95|0x0000000085f00000, 0x0000000086000000, 0x0000000086000000|100%| O|  |TAMS 0x0000000086000000, 0x0000000086000000| Untracked 
|  96|0x0000000086000000, 0x0000000086100000, 0x0000000086100000|100%| O|  |TAMS 0x0000000086100000, 0x0000000086100000| Untracked 
|  97|0x0000000086100000, 0x0000000086100000, 0x0000000086200000|  0%| F|  |TAMS 0x0000000086100000, 0x0000000086100000| Untracked 
|  98|0x0000000086200000, 0x0000000086200000, 0x0000000086300000|  0%| F|  |TAMS 0x0000000086200000, 0x0000000086200000| Untracked 
|  99|0x0000000086300000, 0x0000000086300000, 0x0000000086400000|  0%| F|  |TAMS 0x0000000086300000, 0x0000000086300000| Untracked 
| 100|0x0000000086400000, 0x0000000086500000, 0x0000000086500000|100%| O|  |TAMS 0x0000000086500000, 0x0000000086500000| Untracked 
| 101|0x0000000086500000, 0x0000000086600000, 0x0000000086600000|100%| O|  |TAMS 0x0000000086600000, 0x0000000086600000| Untracked 
| 102|0x0000000086600000, 0x0000000086600000, 0x0000000086700000|  0%| F|  |TAMS 0x0000000086600000, 0x0000000086600000| Untracked 
| 103|0x0000000086700000, 0x0000000086800000, 0x0000000086800000|100%| O|  |TAMS 0x0000000086800000, 0x0000000086800000| Untracked 
| 104|0x0000000086800000, 0x0000000086800000, 0x0000000086900000|  0%| F|  |TAMS 0x0000000086800000, 0x0000000086800000| Untracked 
| 105|0x0000000086900000, 0x0000000086900000, 0x0000000086a00000|  0%| F|  |TAMS 0x0000000086900000, 0x0000000086900000| Untracked 
| 106|0x0000000086a00000, 0x0000000086a00000, 0x0000000086b00000|  0%| F|  |TAMS 0x0000000086a00000, 0x0000000086a00000| Untracked 
| 107|0x0000000086b00000, 0x0000000086c00000, 0x0000000086c00000|100%| O|  |TAMS 0x0000000086c00000, 0x0000000086c00000| Untracked 
| 108|0x0000000086c00000, 0x0000000086c00000, 0x0000000086d00000|  0%| F|  |TAMS 0x0000000086c00000, 0x0000000086c00000| Untracked 
| 109|0x0000000086d00000, 0x0000000086d00000, 0x0000000086e00000|  0%| F|  |TAMS 0x0000000086d00000, 0x0000000086d00000| Untracked 
| 110|0x0000000086e00000, 0x0000000086e00000, 0x0000000086f00000|  0%| F|  |TAMS 0x0000000086e00000, 0x0000000086e00000| Untracked 
| 111|0x0000000086f00000, 0x0000000087000000, 0x0000000087000000|100%| O|  |TAMS 0x0000000087000000, 0x0000000087000000| Untracked 
| 112|0x0000000087000000, 0x0000000087100000, 0x0000000087100000|100%| O|  |TAMS 0x0000000087100000, 0x0000000087100000| Untracked 
| 113|0x0000000087100000, 0x0000000087100000, 0x0000000087200000|  0%| F|  |TAMS 0x0000000087100000, 0x0000000087100000| Untracked 
| 114|0x0000000087200000, 0x0000000087200000, 0x0000000087300000|  0%| F|  |TAMS 0x0000000087200000, 0x0000000087200000| Untracked 
| 115|0x0000000087300000, 0x0000000087300000, 0x0000000087400000|  0%| F|  |TAMS 0x0000000087300000, 0x0000000087300000| Untracked 
| 116|0x0000000087400000, 0x0000000087400000, 0x0000000087500000|  0%| F|  |TAMS 0x0000000087400000, 0x0000000087400000| Untracked 
| 117|0x0000000087500000, 0x0000000087500000, 0x0000000087600000|  0%| F|  |TAMS 0x0000000087500000, 0x0000000087500000| Untracked 
| 118|0x0000000087600000, 0x0000000087600000, 0x0000000087700000|  0%| F|  |TAMS 0x0000000087600000, 0x0000000087600000| Untracked 
| 119|0x0000000087700000, 0x0000000087700000, 0x0000000087800000|  0%| F|  |TAMS 0x0000000087700000, 0x0000000087700000| Untracked 
| 120|0x0000000087800000, 0x0000000087800000, 0x0000000087900000|  0%| F|  |TAMS 0x0000000087800000, 0x0000000087800000| Untracked 
| 121|0x0000000087900000, 0x0000000087900000, 0x0000000087a00000|  0%| F|  |TAMS 0x0000000087900000, 0x0000000087900000| Untracked 
| 122|0x0000000087a00000, 0x0000000087a00000, 0x0000000087b00000|  0%| F|  |TAMS 0x0000000087a00000, 0x0000000087a00000| Untracked 
| 123|0x0000000087b00000, 0x0000000087b00000, 0x0000000087c00000|  0%| F|  |TAMS 0x0000000087b00000, 0x0000000087b00000| Untracked 
| 124|0x0000000087c00000, 0x0000000087c00000, 0x0000000087d00000|  0%| F|  |TAMS 0x0000000087c00000, 0x0000000087c00000| Untracked 
| 125|0x0000000087d00000, 0x0000000087d00000, 0x0000000087e00000|  0%| F|  |TAMS 0x0000000087d00000, 0x0000000087d00000| Untracked 
| 126|0x0000000087e00000, 0x0000000087e00000, 0x0000000087f00000|  0%| F|  |TAMS 0x0000000087e00000, 0x0000000087e00000| Untracked 
| 127|0x0000000087f00000, 0x0000000087f00000, 0x0000000088000000|  0%| F|  |TAMS 0x0000000087f00000, 0x0000000087f00000| Untracked 
| 128|0x0000000088000000, 0x0000000088000000, 0x0000000088100000|  0%| F|  |TAMS 0x0000000088000000, 0x0000000088000000| Untracked 
| 129|0x0000000088100000, 0x0000000088100000, 0x0000000088200000|  0%| F|  |TAMS 0x0000000088100000, 0x0000000088100000| Untracked 
| 130|0x0000000088200000, 0x0000000088200000, 0x0000000088300000|  0%| F|  |TAMS 0x0000000088200000, 0x0000000088200000| Untracked 
| 131|0x0000000088300000, 0x0000000088300000, 0x0000000088400000|  0%| F|  |TAMS 0x0000000088300000, 0x0000000088300000| Untracked 
| 132|0x0000000088400000, 0x0000000088400000, 0x0000000088500000|  0%| F|  |TAMS 0x0000000088400000, 0x0000000088400000| Untracked 
| 133|0x0000000088500000, 0x0000000088500000, 0x0000000088600000|  0%| F|  |TAMS 0x0000000088500000, 0x0000000088500000| Untracked 
| 134|0x0000000088600000, 0x0000000088600000, 0x0000000088700000|  0%| F|  |TAMS 0x0000000088600000, 0x0000000088600000| Untracked 
| 135|0x0000000088700000, 0x000000008877df50, 0x0000000088800000| 49%| S|CS|TAMS 0x0000000088700000, 0x0000000088700000| Complete 
| 136|0x0000000088800000, 0x0000000088900000, 0x0000000088900000|100%| S|CS|TAMS 0x0000000088800000, 0x0000000088800000| Complete 
| 137|0x0000000088900000, 0x0000000088a00000, 0x0000000088a00000|100%| S|CS|TAMS 0x0000000088900000, 0x0000000088900000| Complete 
| 138|0x0000000088a00000, 0x0000000088b00000, 0x0000000088b00000|100%| S|CS|TAMS 0x0000000088a00000, 0x0000000088a00000| Complete 
| 139|0x0000000088b00000, 0x0000000088c00000, 0x0000000088c00000|100%| S|CS|TAMS 0x0000000088b00000, 0x0000000088b00000| Complete 
| 140|0x0000000088c00000, 0x0000000088c00000, 0x0000000088d00000|  0%| F|  |TAMS 0x0000000088c00000, 0x0000000088c00000| Untracked 
| 141|0x0000000088d00000, 0x0000000088d00000, 0x0000000088e00000|  0%| F|  |TAMS 0x0000000088d00000, 0x0000000088d00000| Untracked 
| 142|0x0000000088e00000, 0x0000000088e00000, 0x0000000088f00000|  0%| F|  |TAMS 0x0000000088e00000, 0x0000000088e00000| Untracked 
| 143|0x0000000088f00000, 0x0000000088f00000, 0x0000000089000000|  0%| F|  |TAMS 0x0000000088f00000, 0x0000000088f00000| Untracked 
| 144|0x0000000089000000, 0x0000000089000000, 0x0000000089100000|  0%| F|  |TAMS 0x0000000089000000, 0x0000000089000000| Untracked 
| 145|0x0000000089100000, 0x0000000089100000, 0x0000000089200000|  0%| F|  |TAMS 0x0000000089100000, 0x0000000089100000| Untracked 
| 146|0x0000000089200000, 0x0000000089200000, 0x0000000089300000|  0%| F|  |TAMS 0x0000000089200000, 0x0000000089200000| Untracked 
| 147|0x0000000089300000, 0x0000000089300000, 0x0000000089400000|  0%| F|  |TAMS 0x0000000089300000, 0x0000000089300000| Untracked 
| 148|0x0000000089400000, 0x0000000089400000, 0x0000000089500000|  0%| F|  |TAMS 0x0000000089400000, 0x0000000089400000| Untracked 
| 149|0x0000000089500000, 0x0000000089500000, 0x0000000089600000|  0%| F|  |TAMS 0x0000000089500000, 0x0000000089500000| Untracked 
| 150|0x0000000089600000, 0x0000000089600000, 0x0000000089700000|  0%| F|  |TAMS 0x0000000089600000, 0x0000000089600000| Untracked 
| 151|0x0000000089700000, 0x0000000089700000, 0x0000000089800000|  0%| F|  |TAMS 0x0000000089700000, 0x0000000089700000| Untracked 
| 152|0x0000000089800000, 0x0000000089800000, 0x0000000089900000|  0%| F|  |TAMS 0x0000000089800000, 0x0000000089800000| Untracked 
| 153|0x0000000089900000, 0x0000000089900000, 0x0000000089a00000|  0%| F|  |TAMS 0x0000000089900000, 0x0000000089900000| Untracked 
| 154|0x0000000089a00000, 0x0000000089a00000, 0x0000000089b00000|  0%| F|  |TAMS 0x0000000089a00000, 0x0000000089a00000| Untracked 
| 155|0x0000000089b00000, 0x0000000089b00000, 0x0000000089c00000|  0%| F|  |TAMS 0x0000000089b00000, 0x0000000089b00000| Untracked 
| 156|0x0000000089c00000, 0x0000000089c00000, 0x0000000089d00000|  0%| F|  |TAMS 0x0000000089c00000, 0x0000000089c00000| Untracked 
| 157|0x0000000089d00000, 0x0000000089d00000, 0x0000000089e00000|  0%| F|  |TAMS 0x0000000089d00000, 0x0000000089d00000| Untracked 
| 158|0x0000000089e00000, 0x0000000089e00000, 0x0000000089f00000|  0%| F|  |TAMS 0x0000000089e00000, 0x0000000089e00000| Untracked 
| 159|0x0000000089f00000, 0x0000000089f00000, 0x000000008a000000|  0%| F|  |TAMS 0x0000000089f00000, 0x0000000089f00000| Untracked 
| 160|0x000000008a000000, 0x000000008a000000, 0x000000008a100000|  0%| F|  |TAMS 0x000000008a000000, 0x000000008a000000| Untracked 
| 161|0x000000008a100000, 0x000000008a100000, 0x000000008a200000|  0%| F|  |TAMS 0x000000008a100000, 0x000000008a100000| Untracked 
| 162|0x000000008a200000, 0x000000008a200000, 0x000000008a300000|  0%| F|  |TAMS 0x000000008a200000, 0x000000008a200000| Untracked 
| 163|0x000000008a300000, 0x000000008a300000, 0x000000008a400000|  0%| F|  |TAMS 0x000000008a300000, 0x000000008a300000| Untracked 
| 164|0x000000008a400000, 0x000000008a400000, 0x000000008a500000|  0%| F|  |TAMS 0x000000008a400000, 0x000000008a400000| Untracked 
| 165|0x000000008a500000, 0x000000008a500000, 0x000000008a600000|  0%| F|  |TAMS 0x000000008a500000, 0x000000008a500000| Untracked 
| 166|0x000000008a600000, 0x000000008a600000, 0x000000008a700000|  0%| F|  |TAMS 0x000000008a600000, 0x000000008a600000| Untracked 
| 167|0x000000008a700000, 0x000000008a700000, 0x000000008a800000|  0%| F|  |TAMS 0x000000008a700000, 0x000000008a700000| Untracked 
| 168|0x000000008a800000, 0x000000008a800000, 0x000000008a900000|  0%| F|  |TAMS 0x000000008a800000, 0x000000008a800000| Untracked 
| 169|0x000000008a900000, 0x000000008a900000, 0x000000008aa00000|  0%| F|  |TAMS 0x000000008a900000, 0x000000008a900000| Untracked 
| 170|0x000000008aa00000, 0x000000008aa00000, 0x000000008ab00000|  0%| F|  |TAMS 0x000000008aa00000, 0x000000008aa00000| Untracked 
| 171|0x000000008ab00000, 0x000000008ab00000, 0x000000008ac00000|  0%| F|  |TAMS 0x000000008ab00000, 0x000000008ab00000| Untracked 
| 172|0x000000008ac00000, 0x000000008ac00000, 0x000000008ad00000|  0%| F|  |TAMS 0x000000008ac00000, 0x000000008ac00000| Untracked 
| 173|0x000000008ad00000, 0x000000008ad00000, 0x000000008ae00000|  0%| F|  |TAMS 0x000000008ad00000, 0x000000008ad00000| Untracked 
| 174|0x000000008ae00000, 0x000000008aecebd0, 0x000000008af00000| 80%| E|  |TAMS 0x000000008ae00000, 0x000000008ae00000| Complete 
| 175|0x000000008af00000, 0x000000008b000000, 0x000000008b000000|100%| E|CS|TAMS 0x000000008af00000, 0x000000008af00000| Complete 
| 176|0x000000008b000000, 0x000000008b100000, 0x000000008b100000|100%| E|CS|TAMS 0x000000008b000000, 0x000000008b000000| Complete 
| 177|0x000000008b100000, 0x000000008b200000, 0x000000008b200000|100%| E|CS|TAMS 0x000000008b100000, 0x000000008b100000| Complete 
| 178|0x000000008b200000, 0x000000008b300000, 0x000000008b300000|100%| E|CS|TAMS 0x000000008b200000, 0x000000008b200000| Complete 
| 179|0x000000008b300000, 0x000000008b400000, 0x000000008b400000|100%| E|CS|TAMS 0x000000008b300000, 0x000000008b300000| Complete 
| 180|0x000000008b400000, 0x000000008b500000, 0x000000008b500000|100%| E|  |TAMS 0x000000008b400000, 0x000000008b400000| Complete 
| 181|0x000000008b500000, 0x000000008b600000, 0x000000008b600000|100%| E|CS|TAMS 0x000000008b500000, 0x000000008b500000| Complete 
| 182|0x000000008b600000, 0x000000008b700000, 0x000000008b700000|100%| E|CS|TAMS 0x000000008b600000, 0x000000008b600000| Complete 

Card table byte_map: [0x000001f8cc820000,0x000001f8ccc20000] _byte_map_base: 0x000001f8cc420000

Marking Bits (Prev, Next): (CMBitMap*) 0x000001f8b962f688, (CMBitMap*) 0x000001f8b962f6c0
 Prev Bits: [0x000001f8cd020000, 0x000001f8cf020000)
 Next Bits: [0x000001f8cf020000, 0x000001f8d1020000)

Polling page: 0x000001f8b77a0000

Metaspace:

Usage:
  Non-class:    106.53 MB capacity,   103.71 MB ( 97%) used,     2.31 MB (  2%) free+waste,   517.44 KB ( <1%) overhead. 
      Class:     16.38 MB capacity,    14.76 MB ( 90%) used,     1.40 MB (  9%) free+waste,   228.88 KB (  1%) overhead. 
       Both:    122.91 MB capacity,   118.47 MB ( 96%) used,     3.71 MB (  3%) free+waste,   746.31 KB ( <1%) overhead. 

Virtual space:
  Non-class space:      108.00 MB reserved,     106.77 MB ( 99%) committed 
      Class space:        1.00 GB reserved,      16.45 MB (  2%) committed 
             Both:        1.11 GB reserved,     123.22 MB ( 11%) committed 

Chunk freelists:
   Non-Class:  58.00 KB
       Class:  24.00 KB
        Both:  82.00 KB

MaxMetaspaceSize: 17179869184.00 GB
CompressedClassSpaceSize: 1.00 GB

CodeHeap 'non-profiled nmethods': size=120000Kb used=17533Kb max_used=17975Kb free=102466Kb
 bounds [0x000001f8c4bb0000, 0x000001f8c5d50000, 0x000001f8cc0e0000]
CodeHeap 'profiled nmethods': size=120000Kb used=52607Kb max_used=54622Kb free=67392Kb
 bounds [0x000001f8bd680000, 0x000001f8c0bf0000, 0x000001f8c4bb0000]
CodeHeap 'non-nmethods': size=5760Kb used=2366Kb max_used=2434Kb free=3393Kb
 bounds [0x000001f8bd0e0000, 0x000001f8bd350000, 0x000001f8bd680000]
 total_blobs=24199 nmethods=23236 adapters=869
 compilation: enabled
              stopped_count=0, restarted_count=0
 full_count=0

Compilation events (20 events):
Event: 5681.027 Thread 0x000001f8d3a95800 nmethod 26059 0x000001f8bda4ee90 code [0x000001f8bda4f080, 0x000001f8bda4f428]
Event: 5681.027 Thread 0x000001f8d3a95800 26060       3       com.google.common.collect.ImmutableBiMap::<init> (5 bytes)
Event: 5681.028 Thread 0x000001f8d3a95800 nmethod 26060 0x000001f8bd9b1090 code [0x000001f8bd9b1260, 0x000001f8bd9b1478]
Event: 5681.028 Thread 0x000001f8d3a95800 26061       3       com.google.common.collect.ImmutableBiMapFauxverideShim::<init> (5 bytes)
Event: 5681.028 Thread 0x000001f8d7b1e800 26063       4       com.google.common.collect.ImmutableMap$Builder::put (35 bytes)
Event: 5681.028 Thread 0x000001f8d3a95800 nmethod 26061 0x000001f8bda30510 code [0x000001f8bda306c0, 0x000001f8bda30878]
Event: 5681.028 Thread 0x000001f8d3a95800 26056       3       com.google.common.collect.ImmutableMap::copyOf (69 bytes)
Event: 5681.030 Thread 0x000001f8d3a95800 nmethod 26056 0x000001f8bdc66a90 code [0x000001f8bdc66d80, 0x000001f8bdc67ea8]
Event: 5681.030 Thread 0x000001f8d3a95800 26057       3       com.google.common.collect.ImmutableMap::of (6 bytes)
Event: 5681.030 Thread 0x000001f8d3a95800 nmethod 26057 0x000001f8bda69810 code [0x000001f8bda69a00, 0x000001f8bda69ec8]
Event: 5681.034 Thread 0x000001f8d6f11800 nmethod 26062 0x000001f8c4d67010 code [0x000001f8c4d671a0, 0x000001f8c4d674f8]
Event: 5681.034 Thread 0x000001f8d6f11800 26064       4       com.google.common.collect.RegularImmutableMap::makeImmutable (44 bytes)
Event: 5681.042 Thread 0x000001f8d6f11800 nmethod 26064 0x000001f8c4e4dc90 code [0x000001f8c4e4de40, 0x000001f8c4e4e0d8]
Event: 5681.045 Thread 0x000001f8d7b1e800 nmethod 26063 0x000001f8c4e4d110 code [0x000001f8c4e4d2c0, 0x000001f8c4e4d998]
Event: 5681.050 Thread 0x000001f8d3a95800 26065       1       com.android.ide.common.symbols.Symbol$BasicNormalSymbol::getResourceType (5 bytes)
Event: 5681.050 Thread 0x000001f8d3a95800 nmethod 26065 0x000001f8c4d66d10 code [0x000001f8c4d66ec0, 0x000001f8c4d66f78]
Event: 5681.050 Thread 0x000001f8d3a95800 26066       1       com.android.ide.common.symbols.Symbol$BasicNormalSymbol::getName (5 bytes)
Event: 5681.050 Thread 0x000001f8d3a95800 nmethod 26066 0x000001f8c4e0d690 code [0x000001f8c4e0d840, 0x000001f8c4e0d8f8]
Event: 5681.058 Thread 0x000001f8d3a84000 nmethod 25990 0x000001f8c4f11c90 code [0x000001f8c4f11ee0, 0x000001f8c4f14360]
Event: 5681.058 Thread 0x000001f8d3a95800 26067       3       com.android.ide.common.symbols.Symbol$BasicNormalSymbol::hashCode (23 bytes)

GC Heap History (20 events):
Event: 4604.032 GC heap before
{Heap before GC invocations=119 (full 0):
 garbage-first heap   total 187392K, used 142904K [0x0000000080000000, 0x0000000100000000)
  region size 1024K, 52 young (53248K), 4 survivors (4096K)
 Metaspace       used 118438K, capacity 123032K, committed 123232K, reserved 1157120K
  class space    used 14831K, capacity 16418K, committed 16460K, reserved 1048576K
}
Event: 4604.039 GC heap after
{Heap after GC invocations=120 (full 0):
 garbage-first heap   total 187392K, used 95670K [0x0000000080000000, 0x0000000100000000)
  region size 1024K, 4 young (4096K), 4 survivors (4096K)
 Metaspace       used 118438K, capacity 123032K, committed 123232K, reserved 1157120K
  class space    used 14831K, capacity 16418K, committed 16460K, reserved 1048576K
}
Event: 4604.083 GC heap before
{Heap before GC invocations=120 (full 0):
 garbage-first heap   total 187392K, used 100790K [0x0000000080000000, 0x0000000100000000)
  region size 1024K, 9 young (9216K), 4 survivors (4096K)
 Metaspace       used 118491K, capacity 123099K, committed 123232K, reserved 1157120K
  class space    used 14831K, capacity 16418K, committed 16460K, reserved 1048576K
}
Event: 4604.099 GC heap after
{Heap after GC invocations=121 (full 0):
 garbage-first heap   total 187392K, used 80688K [0x0000000080000000, 0x0000000100000000)
  region size 1024K, 1 young (1024K), 1 survivors (1024K)
 Metaspace       used 118491K, capacity 123099K, committed 123232K, reserved 1157120K
  class space    used 14831K, capacity 16418K, committed 16460K, reserved 1048576K
}
Event: 4604.300 GC heap before
{Heap before GC invocations=121 (full 0):
 garbage-first heap   total 187392K, used 99120K [0x0000000080000000, 0x0000000100000000)
  region size 1024K, 20 young (20480K), 1 survivors (1024K)
 Metaspace       used 118586K, capacity 123189K, committed 123232K, reserved 1157120K
  class space    used 14842K, capacity 16439K, committed 16460K, reserved 1048576K
}
Event: 4604.304 GC heap after
{Heap after GC invocations=122 (full 0):
 garbage-first heap   total 187392K, used 80649K [0x0000000080000000, 0x0000000100000000)
  region size 1024K, 1 young (1024K), 1 survivors (1024K)
 Metaspace       used 118586K, capacity 123189K, committed 123232K, reserved 1157120K
  class space    used 14842K, capacity 16439K, committed 16460K, reserved 1048576K
}
Event: 4842.206 GC heap before
{Heap before GC invocations=123 (full 0):
 garbage-first heap   total 187392K, used 150281K [0x0000000080000000, 0x0000000100000000)
  region size 1024K, 60 young (61440K), 1 survivors (1024K)
 Metaspace       used 118477K, capacity 122948K, committed 123232K, reserved 1157120K
  class space    used 14825K, capacity 16410K, committed 16460K, reserved 1048576K
}
Event: 4842.247 GC heap after
{Heap after GC invocations=124 (full 0):
 garbage-first heap   total 187392K, used 91034K [0x0000000080000000, 0x0000000100000000)
  region size 1024K, 8 young (8192K), 8 survivors (8192K)
 Metaspace       used 118477K, capacity 122948K, committed 123232K, reserved 1157120K
  class space    used 14825K, capacity 16410K, committed 16460K, reserved 1048576K
}
Event: 4842.281 GC heap before
{Heap before GC invocations=124 (full 0):
 garbage-first heap   total 187392K, used 91034K [0x0000000080000000, 0x0000000100000000)
  region size 1024K, 9 young (9216K), 8 survivors (8192K)
 Metaspace       used 118477K, capacity 122948K, committed 123232K, reserved 1157120K
  class space    used 14825K, capacity 16410K, committed 16460K, reserved 1048576K
}
Event: 4842.291 GC heap after
{Heap after GC invocations=125 (full 0):
 garbage-first heap   total 187392K, used 91529K [0x0000000080000000, 0x0000000100000000)
  region size 1024K, 1 young (1024K), 1 survivors (1024K)
 Metaspace       used 118477K, capacity 122948K, committed 123232K, reserved 1157120K
  class space    used 14825K, capacity 16410K, committed 16460K, reserved 1048576K
}
Event: 4842.742 GC heap before
{Heap before GC invocations=125 (full 0):
 garbage-first heap   total 187392K, used 141705K [0x0000000080000000, 0x0000000100000000)
  region size 1024K, 51 young (52224K), 1 survivors (1024K)
 Metaspace       used 118836K, capacity 123340K, committed 123616K, reserved 1157120K
  class space    used 14849K, capacity 16451K, committed 16588K, reserved 1048576K
}
Event: 4842.756 GC heap after
{Heap after GC invocations=126 (full 0):
 garbage-first heap   total 187392K, used 97451K [0x0000000080000000, 0x0000000100000000)
  region size 1024K, 7 young (7168K), 7 survivors (7168K)
 Metaspace       used 118836K, capacity 123340K, committed 123616K, reserved 1157120K
  class space    used 14849K, capacity 16451K, committed 16588K, reserved 1048576K
}
Event: 5674.312 GC heap before
{Heap before GC invocations=127 (full 0):
 garbage-first heap   total 187392K, used 151723K [0x0000000080000000, 0x0000000100000000)
  region size 1024K, 53 young (54272K), 7 survivors (7168K)
 Metaspace       used 118880K, capacity 123405K, committed 123616K, reserved 1157120K
  class space    used 14849K, capacity 16451K, committed 16588K, reserved 1048576K
}
Event: 5674.340 GC heap after
{Heap after GC invocations=128 (full 0):
 garbage-first heap   total 187392K, used 98941K [0x0000000080000000, 0x0000000100000000)
  region size 1024K, 3 young (3072K), 3 survivors (3072K)
 Metaspace       used 118880K, capacity 123405K, committed 123616K, reserved 1157120K
  class space    used 14849K, capacity 16451K, committed 16588K, reserved 1048576K
}
Event: 5674.742 GC heap before
{Heap before GC invocations=128 (full 0):
 garbage-first heap   total 187392K, used 105085K [0x0000000080000000, 0x0000000100000000)
  region size 1024K, 9 young (9216K), 3 survivors (3072K)
 Metaspace       used 118905K, capacity 123405K, committed 123616K, reserved 1157120K
  class space    used 14849K, capacity 16451K, committed 16588K, reserved 1048576K
}
Event: 5674.781 GC heap after
{Heap after GC invocations=129 (full 0):
 garbage-first heap   total 187392K, used 95611K [0x0000000080000000, 0x0000000100000000)
  region size 1024K, 2 young (2048K), 2 survivors (2048K)
 Metaspace       used 118905K, capacity 123405K, committed 123616K, reserved 1157120K
  class space    used 14849K, capacity 16451K, committed 16588K, reserved 1048576K
}
Event: 5674.987 GC heap before
{Heap before GC invocations=129 (full 0):
 garbage-first heap   total 187392K, used 101755K [0x0000000080000000, 0x0000000100000000)
  region size 1024K, 9 young (9216K), 2 survivors (2048K)
 Metaspace       used 118914K, capacity 123405K, committed 123616K, reserved 1157120K
  class space    used 14849K, capacity 16451K, committed 16588K, reserved 1048576K
}
Event: 5675.029 GC heap after
{Heap after GC invocations=130 (full 0):
 garbage-first heap   total 187392K, used 92964K [0x0000000080000000, 0x0000000100000000)
  region size 1024K, 2 young (2048K), 2 survivors (2048K)
 Metaspace       used 118914K, capacity 123405K, committed 123616K, reserved 1157120K
  class space    used 14849K, capacity 16451K, committed 16588K, reserved 1048576K
}
Event: 5680.996 GC heap before
{Heap before GC invocations=130 (full 0):
 garbage-first heap   total 187392K, used 133924K [0x0000000080000000, 0x0000000100000000)
  region size 1024K, 43 young (44032K), 2 survivors (2048K)
 Metaspace       used 121265K, capacity 125858K, committed 126176K, reserved 1159168K
  class space    used 15114K, capacity 16776K, committed 16844K, reserved 1048576K
}
Event: 5681.017 GC heap after
{Heap after GC invocations=131 (full 0):
 garbage-first heap   total 187392K, used 96364K [0x0000000080000000, 0x0000000100000000)
  region size 1024K, 5 young (5120K), 5 survivors (5120K)
 Metaspace       used 121265K, capacity 125858K, committed 126176K, reserved 1159168K
  class space    used 15114K, capacity 16776K, committed 16844K, reserved 1048576K
}

Deoptimization events (20 events):
Event: 5677.347 Thread 0x000001f8deed2800 Uncommon trap: trap_request=0xffffffde fr.pc=0x000001f8c555232c relative=0x000000000000058c
Event: 5677.347 Thread 0x000001f8deed2800 Uncommon trap: reason=class_check action=maybe_recompile pc=0x000001f8c555232c method=java.io.BufferedOutputStream.write([BII)V @ 20 c2
Event: 5677.347 Thread 0x000001f8deed2800 DEOPT PACKING pc=0x000001f8c555232c sp=0x0000008da32fd590
Event: 5677.347 Thread 0x000001f8deed2800 DEOPT UNPACKING pc=0x000001f8bd1078af sp=0x0000008da32fd528 mode 2
Event: 5677.347 Thread 0x000001f8deed2800 Uncommon trap: trap_request=0xffffffde fr.pc=0x000001f8c555232c relative=0x000000000000058c
Event: 5677.347 Thread 0x000001f8deed2800 Uncommon trap: reason=class_check action=maybe_recompile pc=0x000001f8c555232c method=java.io.BufferedOutputStream.write([BII)V @ 20 c2
Event: 5677.347 Thread 0x000001f8deed2800 DEOPT PACKING pc=0x000001f8c555232c sp=0x0000008da32fd590
Event: 5677.347 Thread 0x000001f8deed2800 DEOPT UNPACKING pc=0x000001f8bd1078af sp=0x0000008da32fd528 mode 2
Event: 5677.348 Thread 0x000001f8deed2800 Uncommon trap: trap_request=0xffffffde fr.pc=0x000001f8c555232c relative=0x000000000000058c
Event: 5677.348 Thread 0x000001f8deed2800 Uncommon trap: reason=class_check action=maybe_recompile pc=0x000001f8c555232c method=java.io.BufferedOutputStream.write([BII)V @ 20 c2
Event: 5677.348 Thread 0x000001f8deed2800 DEOPT PACKING pc=0x000001f8c555232c sp=0x0000008da32fd590
Event: 5677.348 Thread 0x000001f8deed2800 DEOPT UNPACKING pc=0x000001f8bd1078af sp=0x0000008da32fd528 mode 2
Event: 5677.349 Thread 0x000001f8deed2800 Uncommon trap: trap_request=0xffffffde fr.pc=0x000001f8c555232c relative=0x000000000000058c
Event: 5677.349 Thread 0x000001f8deed2800 Uncommon trap: reason=class_check action=maybe_recompile pc=0x000001f8c555232c method=java.io.BufferedOutputStream.write([BII)V @ 20 c2
Event: 5677.349 Thread 0x000001f8deed2800 DEOPT PACKING pc=0x000001f8c555232c sp=0x0000008da32fd590
Event: 5677.349 Thread 0x000001f8deed2800 DEOPT UNPACKING pc=0x000001f8bd1078af sp=0x0000008da32fd528 mode 2
Event: 5680.882 Thread 0x000001f8deed2800 Uncommon trap: trap_request=0xffffff4d fr.pc=0x000001f8c4c31bf8 relative=0x0000000000000dd8
Event: 5680.883 Thread 0x000001f8deed2800 Uncommon trap: reason=unstable_if action=reinterpret pc=0x000001f8c4c31bf8 method=java.io.BufferedReader.readLine(Z)Ljava/lang/String; @ 192 c2
Event: 5680.883 Thread 0x000001f8deed2800 DEOPT PACKING pc=0x000001f8c4c31bf8 sp=0x0000008da32fd750
Event: 5680.883 Thread 0x000001f8deed2800 DEOPT UNPACKING pc=0x000001f8bd1078af sp=0x0000008da32fd708 mode 2

Classes redefined (0 events):
No events

Internal exceptions (20 events):
Event: 5674.372 Thread 0x000001f8d6cd0000 Exception <a 'sun/nio/fs/WindowsException'{0x000000008b6e8868}> (0x000000008b6e8868) thrown at [./src/hotspot/share/prims/jni.cpp, line 615]
Event: 5674.552 Thread 0x000001f8d6cd0000 Exception <a 'java/lang/NoClassDefFoundError'{0x000000008b3ad938}: org/jetbrains/kotlin/gradle/plugin/KotlinBasePluginWrapper> (0x000000008b3ad938) thrown at [./src/hotspot/share/oops/constantPool.cpp, line 775]
Event: 5674.650 Thread 0x000001f8d6cd0000 Exception <a 'sun/nio/fs/WindowsException'{0x000000008b2c0308}> (0x000000008b2c0308) thrown at [./src/hotspot/share/prims/jni.cpp, line 615]
Event: 5674.692 Thread 0x000001f8d6cd0000 Exception <a 'sun/nio/fs/WindowsException'{0x000000008b166388}> (0x000000008b166388) thrown at [./src/hotspot/share/prims/jni.cpp, line 615]
Event: 5674.693 Thread 0x000001f8d6cd0000 Exception <a 'sun/nio/fs/WindowsException'{0x000000008b167360}> (0x000000008b167360) thrown at [./src/hotspot/share/prims/jni.cpp, line 615]
Event: 5674.694 Thread 0x000001f8d6cd0000 Exception <a 'sun/nio/fs/WindowsException'{0x000000008b168648}> (0x000000008b168648) thrown at [./src/hotspot/share/prims/jni.cpp, line 615]
Event: 5674.694 Thread 0x000001f8d6cd0000 Exception <a 'sun/nio/fs/WindowsException'{0x000000008b169670}> (0x000000008b169670) thrown at [./src/hotspot/share/prims/jni.cpp, line 615]
Event: 5675.107 Thread 0x000001f8deed2000 Implicit null exception at 0x000001f8c4ea63ce to 0x000001f8c4ea6974
Event: 5675.108 Thread 0x000001f8deed2000 Implicit null exception at 0x000001f8c4d5a127 to 0x000001f8c4d5a2a8
Event: 5675.117 Thread 0x000001f8deed2000 Implicit null exception at 0x000001f8c4ece5f0 to 0x000001f8c4ecec30
Event: 5675.233 Thread 0x000001f8deed2000 Implicit null exception at 0x000001f8c5bd23ce to 0x000001f8c5bd2a2c
Event: 5675.313 Thread 0x000001f8deed2000 Implicit null exception at 0x000001f8c53a7824 to 0x000001f8c53a78d8
Event: 5675.356 Thread 0x000001f8deed2000 Implicit null exception at 0x000001f8c5bdedf8 to 0x000001f8c5bdef6c
Event: 5675.359 Thread 0x000001f8deed2000 Implicit null exception at 0x000001f8c5bd51de to 0x000001f8c5bd532c
Event: 5676.310 Thread 0x000001f8deed2000 Exception <a 'java/lang/NoSuchMethodError'{0x000000008965f968}: <clinit>> (0x000000008965f968) thrown at [./src/hotspot/share/prims/jni.cpp, line 1362]
Event: 5676.835 Thread 0x000001f8deed2800 Exception <a 'java/lang/NoSuchMethodError'{0x000000008932dbe8}: 'void java.lang.invoke.DirectMethodHandle$Holder.invokeStatic(java.lang.Object, long)'> (0x000000008932dbe8) thrown at [./src/hotspot/share/interpreter/linkResolver.cpp, line 773]
Event: 5676.843 Thread 0x000001f8deed2800 Exception <a 'java/lang/NoSuchMethodError'{0x0000000089338d18}: 'java.lang.Object java.lang.invoke.DirectMethodHandle$Holder.invokeStaticInit(java.lang.Object, java.lang.Object, long, java.lang.Object)'> (0x0000000089338d18) thrown at [./src/hotspot/share/interpreter/linkResolver.cpp, line 773]
Event: 5676.844 Thread 0x000001f8deed2800 Exception <a 'java/lang/NoSuchMethodError'{0x000000008933ef58}: 'java.lang.Object java.lang.invoke.DirectMethodHandle$Holder.invokeStatic(java.lang.Object, java.lang.Object, long)'> (0x000000008933ef58) thrown at [./src/hotspot/share/interpreter/linkResolver.cpp, line 773]
Event: 5676.846 Thread 0x000001f8deed2800 Exception <a 'java/lang/NoSuchMethodError'{0x0000000089345738}: 'java.lang.Object java.lang.invoke.Invokers$Holder.linkToTargetMethod(java.lang.Object, long, java.lang.Object)'> (0x0000000089345738) thrown at [./src/hotspot/share/interpreter/linkResolver.cpp, line 773]
Event: 5677.346 Thread 0x000001f8deed2800 Exception <a 'java/lang/NoSuchMethodError'{0x000000008926cf00}: 'int java.lang.invoke.DirectMethodHandle$Holder.invokeSpecialIFC(java.lang.Object, java.lang.Object, java.lang.Object)'> (0x000000008926cf00) thrown at [./src/hotspot/share/interpreter/linkResolver.cpp, line 773]

Events (20 events):
Event: 5681.038 loading class com/android/build/gradle/internal/services/SymbolTableBuildService$FileCacheKey
Event: 5681.038 loading class com/android/build/gradle/internal/services/SymbolTableBuildService$FileCacheKey done
Event: 5681.038 Executing VM operation: RevokeBias
Event: 5681.039 Executing VM operation: RevokeBias done
Event: 5681.042 loading class com/google/common/cache/LocalCache$Values
Event: 5681.042 loading class com/google/common/cache/LocalCache$Values done
Event: 5681.042 Executing VM operation: RevokeBias
Event: 5681.043 Executing VM operation: RevokeBias done
Event: 5681.044 loading class com/google/common/cache/LocalCache$ValueIterator
Event: 5681.044 loading class com/google/common/cache/LocalCache$ValueIterator done
Event: 5681.044 loading class com/google/common/cache/LocalCache$HashIterator
Event: 5681.044 loading class com/google/common/cache/LocalCache$HashIterator done
Event: 5681.046 loading class com/android/ide/common/symbols/Symbol$BasicAttributeSymbol
Event: 5681.046 loading class com/android/ide/common/symbols/Symbol$BasicAttributeSymbol done
Event: 5681.046 Executing VM operation: RevokeBias
Event: 5681.046 Executing VM operation: RevokeBias done
Event: 5681.047 loading class com/android/ide/common/symbols/Symbol$BasicNormalSymbol
Event: 5681.047 loading class com/android/ide/common/symbols/Symbol$BasicNormalSymbol done
Event: 5681.052 loading class com/google/common/cache/LocalCache$SoftValueReference
Event: 5681.052 loading class com/google/common/cache/LocalCache$SoftValueReference done


Dynamic libraries:
0x00007ff6d6b40000 - 0x00007ff6d6b4a000 	C:\Program Files\Android\Android Studio\jre\bin\java.exe
0x00007ffa69340000 - 0x00007ffa69547000 	C:\Windows\SYSTEM32\ntdll.dll
0x00007ffa67210000 - 0x00007ffa672cd000 	C:\Windows\System32\KERNEL32.DLL
0x00007ffa66cd0000 - 0x00007ffa67042000 	C:\Windows\System32\KERNELBASE.dll
0x00007ffa669a0000 - 0x00007ffa66ab1000 	C:\Windows\System32\ucrtbase.dll
0x00007ffa54960000 - 0x00007ffa54979000 	C:\Program Files\Android\Android Studio\jre\bin\jli.dll
0x00007ffa54940000 - 0x00007ffa54957000 	C:\Program Files\Android\Android Studio\jre\bin\VCRUNTIME140.dll
0x00007ffa67410000 - 0x00007ffa675bc000 	C:\Windows\System32\USER32.dll
0x00007ffa66b30000 - 0x00007ffa66b56000 	C:\Windows\System32\win32u.dll
0x00007ffa65a50000 - 0x00007ffa65cf5000 	C:\Windows\WinSxS\amd64_microsoft.windows.common-controls_6595b64144ccf1df_6.0.21996.1_none_7d6b053978bcd706\COMCTL32.dll
0x00007ffa682c0000 - 0x00007ffa682e9000 	C:\Windows\System32\GDI32.dll
0x00007ffa689f0000 - 0x00007ffa68a93000 	C:\Windows\System32\msvcrt.dll
0x00007ffa67050000 - 0x00007ffa67162000 	C:\Windows\System32\gdi32full.dll
0x00007ffa67170000 - 0x00007ffa6720d000 	C:\Windows\System32\msvcp_win.dll
0x00007ffa686e0000 - 0x00007ffa68711000 	C:\Windows\System32\IMM32.DLL
0x00007ffa54800000 - 0x00007ffa5489d000 	C:\Program Files\Android\Android Studio\jre\bin\msvcp140.dll
0x00007ffa05e90000 - 0x00007ffa0695f000 	C:\Program Files\Android\Android Studio\jre\bin\server\jvm.dll
0x00007ffa68bb0000 - 0x00007ffa68c5c000 	C:\Windows\System32\ADVAPI32.dll
0x00007ffa684b0000 - 0x00007ffa6854d000 	C:\Windows\System32\sechost.dll
0x00007ffa67640000 - 0x00007ffa67761000 	C:\Windows\System32\RPCRT4.dll
0x00007ffa68550000 - 0x00007ffa68558000 	C:\Windows\System32\PSAPI.DLL
0x00007ffa64b60000 - 0x00007ffa64b69000 	C:\Windows\SYSTEM32\WSOCK32.dll
0x00007ffa61f70000 - 0x00007ffa61fa3000 	C:\Windows\SYSTEM32\WINMM.dll
0x00007ffa60170000 - 0x00007ffa6017a000 	C:\Windows\SYSTEM32\VERSION.dll
0x00007ffa69280000 - 0x00007ffa692ef000 	C:\Windows\System32\WS2_32.dll
0x00007ffa64c20000 - 0x00007ffa64c37000 	C:\Windows\SYSTEM32\kernel.appcore.dll
0x00007ffa62080000 - 0x00007ffa62091000 	C:\Program Files\Android\Android Studio\jre\bin\verify.dll
0x00007ffa661b0000 - 0x00007ffa663d1000 	C:\Windows\SYSTEM32\DBGHELP.DLL
0x00007ffa65f00000 - 0x00007ffa65f31000 	C:\Windows\SYSTEM32\dbgcore.DLL
0x00007ffa66860000 - 0x00007ffa668e0000 	C:\Windows\System32\bcryptPrimitives.dll
0x00007ffa62050000 - 0x00007ffa62079000 	C:\Program Files\Android\Android Studio\jre\bin\java.dll
0x00007ffa64b40000 - 0x00007ffa64b4b000 	C:\Program Files\Android\Android Studio\jre\bin\jimage.dll
0x00007ffa57030000 - 0x00007ffa57048000 	C:\Program Files\Android\Android Studio\jre\bin\zip.dll
0x00007ffa67b50000 - 0x00007ffa682b9000 	C:\Windows\System32\SHELL32.dll
0x00007ffa63b60000 - 0x00007ffa643b8000 	C:\Windows\SYSTEM32\windows.storage.dll
0x00007ffa677d0000 - 0x00007ffa67b45000 	C:\Windows\System32\combase.dll
0x00007ffa639f0000 - 0x00007ffa63b56000 	C:\Windows\SYSTEM32\wintypes.dll
0x00007ffa68aa0000 - 0x00007ffa68b8a000 	C:\Windows\System32\SHCORE.dll
0x00007ffa675c0000 - 0x00007ffa6761d000 	C:\Windows\System32\shlwapi.dll
0x00007ffa66790000 - 0x00007ffa667b1000 	C:\Windows\SYSTEM32\profapi.dll
0x00007ffa57010000 - 0x00007ffa5702a000 	C:\Program Files\Android\Android Studio\jre\bin\net.dll
0x00007ffa5fa40000 - 0x00007ffa5fb4c000 	C:\Windows\SYSTEM32\WINHTTP.dll
0x00007ffa658a0000 - 0x00007ffa65907000 	C:\Windows\system32\mswsock.dll
0x00007ffa56cb0000 - 0x00007ffa56cc4000 	C:\Program Files\Android\Android Studio\jre\bin\nio.dll
0x00007ffa51450000 - 0x00007ffa51477000 	C:\Users\Nguyen Hoang Giang\.gradle\native\8bec1ad78214c89d9ad589b4d07fe93259594b29d510b10fafb7a158f7737e5d\windows-amd64\native-platform.dll
0x00007ffa43d40000 - 0x00007ffa43e7d000 	C:\Users\Nguyen Hoang Giang\.gradle\native\53dbd7edfb1c66fb8903c78663c9afc45aea4f116125fa6feffd364cf09443e8\windows-amd64\native-platform-file-events.dll
0x00007ffa62040000 - 0x00007ffa6204a000 	C:\Program Files\Android\Android Studio\jre\bin\management.dll
0x00007ffa60520000 - 0x00007ffa6052c000 	C:\Program Files\Android\Android Studio\jre\bin\management_ext.dll
0x00007ffa66510000 - 0x00007ffa66528000 	C:\Windows\SYSTEM32\CRYPTSP.dll
0x00007ffa64b80000 - 0x00007ffa64bb5000 	C:\Windows\system32\rsaenh.dll
0x00007ffa65710000 - 0x00007ffa65739000 	C:\Windows\SYSTEM32\USERENV.dll
0x00007ffa66140000 - 0x00007ffa66167000 	C:\Windows\SYSTEM32\bcrypt.dll
0x00007ffa65860000 - 0x00007ffa6586c000 	C:\Windows\SYSTEM32\CRYPTBASE.dll
0x00007ffa64650000 - 0x00007ffa6467d000 	C:\Windows\SYSTEM32\IPHLPAPI.DLL
0x00007ffa686d0000 - 0x00007ffa686d9000 	C:\Windows\System32\NSI.dll
0x00007ffa5f9e0000 - 0x00007ffa5f9f9000 	C:\Windows\SYSTEM32\dhcpcsvc6.DLL
0x00007ffa60420000 - 0x00007ffa6043e000 	C:\Windows\SYSTEM32\dhcpcsvc.DLL
0x00007ffa64680000 - 0x00007ffa64765000 	C:\Windows\SYSTEM32\DNSAPI.dll
0x00007ffa534a0000 - 0x00007ffa534c7000 	C:\Program Files\Android\Android Studio\jre\bin\sunec.dll
0x00007ffa62ee0000 - 0x00007ffa62f72000 	C:\Windows\system32\apphelp.dll

dbghelp: loaded successfully - version: 4.0.5 - missing functions: none
symbol engine: initialized successfully - sym options: 0x614 - pdb path: .;C:\Program Files\Android\Android Studio\jre\bin;C:\Windows\SYSTEM32;C:\Windows\WinSxS\amd64_microsoft.windows.common-controls_6595b64144ccf1df_6.0.21996.1_none_7d6b053978bcd706;C:\Program Files\Android\Android Studio\jre\bin\server;C:\Users\Nguyen Hoang Giang\.gradle\native\8bec1ad78214c89d9ad589b4d07fe93259594b29d510b10fafb7a158f7737e5d\windows-amd64;C:\Users\Nguyen Hoang Giang\.gradle\native\53dbd7edfb1c66fb8903c78663c9afc45aea4f116125fa6feffd364cf09443e8\windows-amd64

VM Arguments:
jvm_args: --add-opens=java.base/java.util=ALL-UNNAMED --add-opens=java.base/java.lang=ALL-UNNAMED --add-opens=java.base/java.lang.invoke=ALL-UNNAMED --add-opens=java.base/java.util=ALL-UNNAMED --add-opens=java.prefs/java.util.prefs=ALL-UNNAMED --add-opens=java.prefs/java.util.prefs=ALL-UNNAMED --add-opens=java.base/java.nio.charset=ALL-UNNAMED --add-opens=java.base/java.net=ALL-UNNAMED --add-opens=java.base/java.util.concurrent.atomic=ALL-UNNAMED -Xmx2048m -Dfile.encoding=UTF-8 -Duser.country=US -Duser.language=en -Duser.variant 
java_command: org.gradle.launcher.daemon.bootstrap.GradleDaemon 7.0.2
java_class_path (initial): C:\Users\Nguyen Hoang Giang\.gradle\wrapper\dists\gradle-7.0.2-bin\857tjihv64xamwrf0h14cai3r\gradle-7.0.2\lib\gradle-launcher-7.0.2.jar
Launcher Type: SUN_STANDARD

[Global flags]
     intx CICompilerCount                          = 4                                         {product} {ergonomic}
     uint ConcGCThreads                            = 2                                         {product} {ergonomic}
     uint G1ConcRefinementThreads                  = 8                                         {product} {ergonomic}
   size_t G1HeapRegionSize                         = 1048576                                   {product} {ergonomic}
    uintx GCDrainStackTargetSize                   = 64                                        {product} {ergonomic}
   size_t InitialHeapSize                          = 132120576                                 {product} {ergonomic}
   size_t MarkStackSize                            = 4194304                                   {product} {ergonomic}
   size_t MaxHeapSize                              = 2147483648                                {product} {command line}
   size_t MaxNewSize                               = 1287651328                                {product} {ergonomic}
   size_t MinHeapDeltaBytes                        = 1048576                                   {product} {ergonomic}
    uintx NonNMethodCodeHeapSize                   = 5836300                                {pd product} {ergonomic}
    uintx NonProfiledCodeHeapSize                  = 122910970                              {pd product} {ergonomic}
    uintx ProfiledCodeHeapSize                     = 122910970                              {pd product} {ergonomic}
    uintx ReservedCodeCacheSize                    = 251658240                              {pd product} {ergonomic}
     bool SegmentedCodeCache                       = true                                      {product} {ergonomic}
     bool UseCompressedClassPointers               = true                                 {lp64_product} {ergonomic}
     bool UseCompressedOops                        = true                                 {lp64_product} {ergonomic}
     bool UseG1GC                                  = true                                      {product} {ergonomic}
     bool UseLargePagesIndividualAllocation        = false                                  {pd product} {ergonomic}

Logging:
Log output configuration:
 #0: stdout all=warning uptime,level,tags
 #1: stderr all=off uptime,level,tags

Environment Variables:
PATH=C:\Program Files (x86)\Common Files\Oracle\Java\javapath;C:\Windows\system32;C:\Windows;C:\Windows\System32\Wbem;C:\Windows\System32\WindowsPowerShell\v1.0\;C:\Windows\System32\OpenSSH\;C:\Program Files\Git\cmd;C:\Users\Nguyen Hoang Giang\AppData\Local\Microsoft\WindowsApps;
USERNAME=Nguyen Hoang Giang
OS=Windows_NT
PROCESSOR_IDENTIFIER=Intel64 Family 6 Model 142 Stepping 11, GenuineIntel



---------------  S Y S T E M  ---------------

OS: Windows 10 , 64 bit Build 21996 (10.0.21996.1)
OS uptime: 0 days 12:40 hours

CPU:total 8 (initial active 8) (4 cores per cpu, 2 threads per core) family 6 model 142 stepping 11 microcode 0xde, cmov, cx8, fxsr, mmx, sse, sse2, sse3, ssse3, sse4.1, sse4.2, popcnt, avx, avx2, aes, clmul, erms, 3dnowpref, lzcnt, ht, tsc, tscinvbit, bmi1, bmi2, adx, fma

Memory: 4k page, system-wide physical 8043M (1006M free)
TotalPageFile size 15979M (AvailPageFile size 2191M)
current process WorkingSet (physical memory assigned to process): 385M, peak: 504M
current process commit charge ("private bytes"): 582M, peak: 604M

vm_info: OpenJDK 64-Bit Server VM (11.0.10+0-b96-7249189) for windows-amd64 JRE (11.0.10+0-b96-7249189), built on Mar 31 2021 21:44:00 by "builder" with MS VC++ 14.0 (VS2015)

END.
